{"N:\\VibeDeck\\src\\components\\AboutScreen.tsx": {"path":"N:\\VibeDeck\\src\\components\\AboutScreen.tsx","statementMap":{"0":{"start":{"line":29,"column":17},"end":{"line":29,"column":36}},"1":{"start":{"line":31,"column":2},"end":{"line":127,"column":4}},"2":{"start":{"line":44,"column":36},"end":{"line":47,"column":13}},"3":{"start":{"line":130,"column":15},"end":{"line":217,"column":2}}},"fnMap":{"0":{"name":"AboutScreen","decl":{"start":{"line":28,"column":16},"end":{"line":28,"column":27}},"loc":{"start":{"line":28,"column":68},"end":{"line":128,"column":1}},"line":28},"1":{"name":"(anonymous_1)","decl":{"start":{"line":44,"column":19},"end":{"line":44,"column":20}},"loc":{"start":{"line":44,"column":36},"end":{"line":47,"column":13}},"line":44}},"branchMap":{"0":{"loc":{"start":{"line":46,"column":14},"end":{"line":46,"column":50}},"type":"binary-expr","locations":[{"start":{"line":46,"column":14},"end":{"line":46,"column":21}},{"start":{"line":46,"column":25},"end":{"line":46,"column":50}}],"line":46}},"s":{"0":0,"1":0,"2":0,"3":0},"f":{"0":0,"1":0},"b":{"0":[0,0]}}
,"N:\\VibeDeck\\src\\components\\BoardButton.tsx": {"path":"N:\\VibeDeck\\src\\components\\BoardButton.tsx","statementMap":{"0":{"start":{"line":46,"column":20},"end":{"line":46,"column":57}},"1":{"start":{"line":47,"column":21},"end":{"line":47,"column":62}},"2":{"start":{"line":48,"column":18},"end":{"line":48,"column":41}},"3":{"start":{"line":49,"column":22},"end":{"line":49,"column":114}},"4":{"start":{"line":50,"column":20},"end":{"line":50,"column":39}},"5":{"start":{"line":53,"column":26},"end":{"line":57,"column":27}},"6":{"start":{"line":59,"column":20},"end":{"line":63,"column":43}},"7":{"start":{"line":67,"column":24},"end":{"line":67,"column":78}},"8":{"start":{"line":69,"column":24},"end":{"line":76,"column":32}},"9":{"start":{"line":70,"column":4},"end":{"line":70,"column":31}},"10":{"start":{"line":70,"column":24},"end":{"line":70,"column":31}},"11":{"start":{"line":71,"column":4},"end":{"line":75,"column":15}},"12":{"start":{"line":78,"column":25},"end":{"line":84,"column":17}},"13":{"start":{"line":79,"column":4},"end":{"line":83,"column":15}},"14":{"start":{"line":86,"column":22},"end":{"line":89,"column":38}},"15":{"start":{"line":87,"column":4},"end":{"line":87,"column":31}},"16":{"start":{"line":87,"column":24},"end":{"line":87,"column":31}},"17":{"start":{"line":88,"column":4},"end":{"line":88,"column":22}},"18":{"start":{"line":91,"column":26},"end":{"line":96,"column":48}},"19":{"start":{"line":94,"column":4},"end":{"line":94,"column":39}},"20":{"start":{"line":94,"column":32},"end":{"line":94,"column":39}},"21":{"start":{"line":95,"column":4},"end":{"line":95,"column":26}},"22":{"start":{"line":99,"column":35},"end":{"line":99,"column":50}},"23":{"start":{"line":101,"column":2},"end":{"line":103,"column":3}},"24":{"start":{"line":102,"column":4},"end":{"line":102,"column":37}},"25":{"start":{"line":105,"column":2},"end":{"line":109,"column":3}},"26":{"start":{"line":106,"column":4},"end":{"line":106,"column":35}},"27":{"start":{"line":107,"column":9},"end":{"line":109,"column":3}},"28":{"start":{"line":108,"column":4},"end":{"line":108,"column":39}},"29":{"start":{"line":112,"column":32},"end":{"line":131,"column":3}},"30":{"start":{"line":113,"column":22},"end":{"line":113,"column":76}},"31":{"start":{"line":114,"column":23},"end":{"line":122,"column":16}},"32":{"start":{"line":124,"column":6},"end":{"line":126,"column":12}},"33":{"start":{"line":128,"column":4},"end":{"line":130,"column":18}},"34":{"start":{"line":134,"column":23},"end":{"line":134,"column":34}},"35":{"start":{"line":136,"column":2},"end":{"line":235,"column":4}},"36":{"start":{"line":145,"column":32},"end":{"line":153,"column":9}},"37":{"start":{"line":238,"column":15},"end":{"line":300,"column":2}}},"fnMap":{"0":{"name":"BoardButton","decl":{"start":{"line":39,"column":16},"end":{"line":39,"column":27}},"loc":{"start":{"line":45,"column":21},"end":{"line":236,"column":1}},"line":45},"1":{"name":"(anonymous_1)","decl":{"start":{"line":69,"column":36},"end":{"line":69,"column":37}},"loc":{"start":{"line":69,"column":42},"end":{"line":76,"column":3}},"line":69},"2":{"name":"(anonymous_2)","decl":{"start":{"line":78,"column":37},"end":{"line":78,"column":38}},"loc":{"start":{"line":78,"column":43},"end":{"line":84,"column":3}},"line":78},"3":{"name":"(anonymous_3)","decl":{"start":{"line":86,"column":34},"end":{"line":86,"column":35}},"loc":{"start":{"line":86,"column":40},"end":{"line":89,"column":3}},"line":86},"4":{"name":"(anonymous_4)","decl":{"start":{"line":91,"column":38},"end":{"line":91,"column":39}},"loc":{"start":{"line":91,"column":44},"end":{"line":96,"column":3}},"line":91},"5":{"name":"(anonymous_5)","decl":{"start":{"line":112,"column":32},"end":{"line":112,"column":33}},"loc":{"start":{"line":112,"column":46},"end":{"line":131,"column":3}},"line":112},"6":{"name":"(anonymous_6)","decl":{"start":{"line":145,"column":15},"end":{"line":145,"column":16}},"loc":{"start":{"line":145,"column":32},"end":{"line":153,"column":9}},"line":145}},"branchMap":{"0":{"loc":{"start":{"line":41,"column":2},"end":{"line":41,"column":19}},"type":"default-arg","locations":[{"start":{"line":41,"column":10},"end":{"line":41,"column":19}}],"line":41},"1":{"loc":{"start":{"line":47,"column":21},"end":{"line":47,"column":62}},"type":"binary-expr","locations":[{"start":{"line":47,"column":21},"end":{"line":47,"column":41}},{"start":{"line":47,"column":45},"end":{"line":47,"column":62}}],"line":47},"2":{"loc":{"start":{"line":49,"column":22},"end":{"line":49,"column":114}},"type":"binary-expr","locations":[{"start":{"line":49,"column":22},"end":{"line":49,"column":43}},{"start":{"line":49,"column":48},"end":{"line":49,"column":69}},{"start":{"line":49,"column":73},"end":{"line":49,"column":101}},{"start":{"line":49,"column":105},"end":{"line":49,"column":113}}],"line":49},"3":{"loc":{"start":{"line":53,"column":26},"end":{"line":57,"column":27}},"type":"cond-expr","locations":[{"start":{"line":54,"column":6},"end":{"line":54,"column":20}},{"start":{"line":55,"column":6},"end":{"line":57,"column":27}}],"line":53},"4":{"loc":{"start":{"line":55,"column":6},"end":{"line":57,"column":27}},"type":"cond-expr","locations":[{"start":{"line":56,"column":8},"end":{"line":56,"column":33}},{"start":{"line":57,"column":8},"end":{"line":57,"column":27}}],"line":55},"5":{"loc":{"start":{"line":59,"column":20},"end":{"line":63,"column":43}},"type":"cond-expr","locations":[{"start":{"line":60,"column":6},"end":{"line":60,"column":22}},{"start":{"line":61,"column":6},"end":{"line":63,"column":43}}],"line":59},"6":{"loc":{"start":{"line":61,"column":6},"end":{"line":63,"column":43}},"type":"cond-expr","locations":[{"start":{"line":62,"column":8},"end":{"line":62,"column":24}},{"start":{"line":63,"column":8},"end":{"line":63,"column":43}}],"line":61},"7":{"loc":{"start":{"line":67,"column":24},"end":{"line":67,"column":78}},"type":"binary-expr","locations":[{"start":{"line":67,"column":24},"end":{"line":67,"column":35}},{"start":{"line":67,"column":39},"end":{"line":67,"column":47}},{"start":{"line":67,"column":52},"end":{"line":67,"column":64}},{"start":{"line":67,"column":68},"end":{"line":67,"column":77}}],"line":67},"8":{"loc":{"start":{"line":70,"column":4},"end":{"line":70,"column":31}},"type":"if","locations":[{"start":{"line":70,"column":4},"end":{"line":70,"column":31}},{"start":{},"end":{}}],"line":70},"9":{"loc":{"start":{"line":87,"column":4},"end":{"line":87,"column":31}},"type":"if","locations":[{"start":{"line":87,"column":4},"end":{"line":87,"column":31}},{"start":{},"end":{}}],"line":87},"10":{"loc":{"start":{"line":94,"column":4},"end":{"line":94,"column":39}},"type":"if","locations":[{"start":{"line":94,"column":4},"end":{"line":94,"column":39}},{"start":{},"end":{}}],"line":94},"11":{"loc":{"start":{"line":94,"column":8},"end":{"line":94,"column":30}},"type":"binary-expr","locations":[{"start":{"line":94,"column":8},"end":{"line":94,"column":18}},{"start":{"line":94,"column":22},"end":{"line":94,"column":30}}],"line":94},"12":{"loc":{"start":{"line":101,"column":2},"end":{"line":103,"column":3}},"type":"if","locations":[{"start":{"line":101,"column":2},"end":{"line":103,"column":3}},{"start":{},"end":{}}],"line":101},"13":{"loc":{"start":{"line":105,"column":2},"end":{"line":109,"column":3}},"type":"if","locations":[{"start":{"line":105,"column":2},"end":{"line":109,"column":3}},{"start":{"line":107,"column":9},"end":{"line":109,"column":3}}],"line":105},"14":{"loc":{"start":{"line":107,"column":9},"end":{"line":109,"column":3}},"type":"if","locations":[{"start":{"line":107,"column":9},"end":{"line":109,"column":3}},{"start":{},"end":{}}],"line":107},"15":{"loc":{"start":{"line":107,"column":13},"end":{"line":107,"column":39}},"type":"binary-expr","locations":[{"start":{"line":107,"column":13},"end":{"line":107,"column":24}},{"start":{"line":107,"column":28},"end":{"line":107,"column":39}}],"line":107},"16":{"loc":{"start":{"line":113,"column":22},"end":{"line":113,"column":76}},"type":"cond-expr","locations":[{"start":{"line":113,"column":46},"end":{"line":113,"column":58}},{"start":{"line":113,"column":61},"end":{"line":113,"column":76}}],"line":113},"17":{"loc":{"start":{"line":114,"column":23},"end":{"line":122,"column":16}},"type":"cond-expr","locations":[{"start":{"line":115,"column":8},"end":{"line":115,"column":21}},{"start":{"line":116,"column":8},"end":{"line":122,"column":16}}],"line":114},"18":{"loc":{"start":{"line":116,"column":8},"end":{"line":122,"column":16}},"type":"cond-expr","locations":[{"start":{"line":117,"column":10},"end":{"line":117,"column":30}},{"start":{"line":118,"column":10},"end":{"line":122,"column":16}}],"line":116},"19":{"loc":{"start":{"line":118,"column":10},"end":{"line":122,"column":16}},"type":"cond-expr","locations":[{"start":{"line":119,"column":12},"end":{"line":119,"column":28}},{"start":{"line":120,"column":12},"end":{"line":122,"column":16}}],"line":118},"20":{"loc":{"start":{"line":120,"column":12},"end":{"line":122,"column":16}},"type":"cond-expr","locations":[{"start":{"line":121,"column":14},"end":{"line":121,"column":24}},{"start":{"line":122,"column":14},"end":{"line":122,"column":16}}],"line":120},"21":{"loc":{"start":{"line":124,"column":6},"end":{"line":126,"column":12}},"type":"cond-expr","locations":[{"start":{"line":125,"column":10},"end":{"line":125,"column":54}},{"start":{"line":126,"column":10},"end":{"line":126,"column":12}}],"line":124},"22":{"loc":{"start":{"line":124,"column":6},"end":{"line":124,"column":79}},"type":"binary-expr","locations":[{"start":{"line":124,"column":6},"end":{"line":124,"column":27}},{"start":{"line":124,"column":31},"end":{"line":124,"column":67}},{"start":{"line":124,"column":71},"end":{"line":124,"column":79}}],"line":124},"23":{"loc":{"start":{"line":141,"column":8},"end":{"line":141,"column":39}},"type":"binary-expr","locations":[{"start":{"line":141,"column":8},"end":{"line":141,"column":17}},{"start":{"line":141,"column":21},"end":{"line":141,"column":39}}],"line":141},"24":{"loc":{"start":{"line":148,"column":29},"end":{"line":150,"column":31}},"type":"cond-expr","locations":[{"start":{"line":149,"column":16},"end":{"line":149,"column":48}},{"start":{"line":150,"column":16},"end":{"line":150,"column":31}}],"line":148},"25":{"loc":{"start":{"line":148,"column":29},"end":{"line":148,"column":53}},"type":"binary-expr","locations":[{"start":{"line":148,"column":29},"end":{"line":148,"column":36}},{"start":{"line":148,"column":40},"end":{"line":148,"column":53}}],"line":148},"26":{"loc":{"start":{"line":152,"column":10},"end":{"line":152,"column":91}},"type":"binary-expr","locations":[{"start":{"line":152,"column":11},"end":{"line":152,"column":18}},{"start":{"line":152,"column":23},"end":{"line":152,"column":34}},{"start":{"line":152,"column":38},"end":{"line":152,"column":49}},{"start":{"line":152,"column":55},"end":{"line":152,"column":91}}],"line":152},"27":{"loc":{"start":{"line":168,"column":9},"end":{"line":177,"column":9}},"type":"binary-expr","locations":[{"start":{"line":168,"column":9},"end":{"line":168,"column":26}},{"start":{"line":169,"column":10},"end":{"line":176,"column":17}}],"line":168},"28":{"loc":{"start":{"line":180,"column":9},"end":{"line":182,"column":9}},"type":"binary-expr","locations":[{"start":{"line":180,"column":9},"end":{"line":180,"column":30}},{"start":{"line":180,"column":34},"end":{"line":180,"column":70}},{"start":{"line":180,"column":74},"end":{"line":180,"column":82}},{"start":{"line":181,"column":10},"end":{"line":181,"column":55}}],"line":180},"29":{"loc":{"start":{"line":185,"column":9},"end":{"line":194,"column":9}},"type":"binary-expr","locations":[{"start":{"line":185,"column":9},"end":{"line":185,"column":33}},{"start":{"line":186,"column":10},"end":{"line":193,"column":17}}],"line":185},"30":{"loc":{"start":{"line":197,"column":9},"end":{"line":205,"column":9}},"type":"binary-expr","locations":[{"start":{"line":197,"column":9},"end":{"line":197,"column":20}},{"start":{"line":197,"column":24},"end":{"line":197,"column":35}},{"start":{"line":198,"column":10},"end":{"line":204,"column":17}}],"line":197},"31":{"loc":{"start":{"line":208,"column":9},"end":{"line":216,"column":9}},"type":"binary-expr","locations":[{"start":{"line":208,"column":9},"end":{"line":208,"column":18}},{"start":{"line":209,"column":10},"end":{"line":215,"column":17}}],"line":208},"32":{"loc":{"start":{"line":228,"column":9},"end":{"line":232,"column":9}},"type":"binary-expr","locations":[{"start":{"line":228,"column":9},"end":{"line":228,"column":30}},{"start":{"line":228,"column":34},"end":{"line":228,"column":45}},{"start":{"line":229,"column":10},"end":{"line":231,"column":17}}],"line":228},"33":{"loc":{"start":{"line":229,"column":23},"end":{"line":229,"column":61}},"type":"cond-expr","locations":[{"start":{"line":229,"column":33},"end":{"line":229,"column":49}},{"start":{"line":229,"column":52},"end":{"line":229,"column":61}}],"line":229}},"s":{"0":0,"1":0,"2":0,"3":0,"4":0,"5":0,"6":0,"7":0,"8":0,"9":0,"10":0,"11":0,"12":0,"13":0,"14":0,"15":0,"16":0,"17":0,"18":0,"19":0,"20":0,"21":0,"22":0,"23":0,"24":0,"25":0,"26":0,"27":0,"28":0,"29":0,"30":0,"31":0,"32":0,"33":0,"34":0,"35":0,"36":0,"37":0},"f":{"0":0,"1":0,"2":0,"3":0,"4":0,"5":0,"6":0},"b":{"0":[0],"1":[0,0],"2":[0,0,0,0],"3":[0,0],"4":[0,0],"5":[0,0],"6":[0,0],"7":[0,0,0,0],"8":[0,0],"9":[0,0],"10":[0,0],"11":[0,0],"12":[0,0],"13":[0,0],"14":[0,0],"15":[0,0],"16":[0,0],"17":[0,0],"18":[0,0],"19":[0,0],"20":[0,0],"21":[0,0],"22":[0,0,0],"23":[0,0],"24":[0,0],"25":[0,0],"26":[0,0,0,0],"27":[0,0],"28":[0,0,0,0],"29":[0,0],"30":[0,0,0],"31":[0,0],"32":[0,0,0],"33":[0,0]}}
,"N:\\VibeDeck\\src\\components\\BoardHeader.tsx": {"path":"N:\\VibeDeck\\src\\components\\BoardHeader.tsx","statementMap":{"0":{"start":{"line":21,"column":2},"end":{"line":49,"column":4}},"1":{"start":{"line":26,"column":34},"end":{"line":29,"column":11}},"2":{"start":{"line":37,"column":34},"end":{"line":40,"column":11}},"3":{"start":{"line":52,"column":15},"end":{"line":82,"column":2}}},"fnMap":{"0":{"name":"BoardHeader","decl":{"start":{"line":20,"column":16},"end":{"line":20,"column":27}},"loc":{"start":{"line":20,"column":81},"end":{"line":50,"column":1}},"line":20},"1":{"name":"(anonymous_1)","decl":{"start":{"line":26,"column":17},"end":{"line":26,"column":18}},"loc":{"start":{"line":26,"column":34},"end":{"line":29,"column":11}},"line":26},"2":{"name":"(anonymous_2)","decl":{"start":{"line":37,"column":17},"end":{"line":37,"column":18}},"loc":{"start":{"line":37,"column":34},"end":{"line":40,"column":11}},"line":37}},"branchMap":{"0":{"loc":{"start":{"line":28,"column":12},"end":{"line":28,"column":47}},"type":"binary-expr","locations":[{"start":{"line":28,"column":12},"end":{"line":28,"column":19}},{"start":{"line":28,"column":23},"end":{"line":28,"column":47}}],"line":28},"1":{"loc":{"start":{"line":39,"column":12},"end":{"line":39,"column":47}},"type":"binary-expr","locations":[{"start":{"line":39,"column":12},"end":{"line":39,"column":19}},{"start":{"line":39,"column":23},"end":{"line":39,"column":47}}],"line":39}},"s":{"0":0,"1":0,"2":0,"3":0},"f":{"0":0,"1":0,"2":0},"b":{"0":[0,0],"1":[0,0]}}
,"N:\\VibeDeck\\src\\components\\ButtonBoard.tsx": {"path":"N:\\VibeDeck\\src\\components\\ButtonBoard.tsx","statementMap":{"0":{"start":{"line":42,"column":2},"end":{"line":44,"column":3}},"1":{"start":{"line":43,"column":4},"end":{"line":43,"column":13}},"2":{"start":{"line":45,"column":2},"end":{"line":47,"column":3}},"3":{"start":{"line":46,"column":4},"end":{"line":46,"column":13}},"4":{"start":{"line":48,"column":2},"end":{"line":48,"column":11}},"5":{"start":{"line":60,"column":33},"end":{"line":60,"column":54}},"6":{"start":{"line":61,"column":46},"end":{"line":61,"column":67}},"7":{"start":{"line":63,"column":23},"end":{"line":65,"column":8}},"8":{"start":{"line":64,"column":4},"end":{"line":64,"column":54}},"9":{"start":{"line":67,"column":18},"end":{"line":67,"column":81}},"10":{"start":{"line":67,"column":32},"end":{"line":67,"column":62}},"11":{"start":{"line":70,"column":15},"end":{"line":76,"column":24}},"12":{"start":{"line":71,"column":39},"end":{"line":71,"column":41}},"13":{"start":{"line":72,"column":4},"end":{"line":74,"column":5}},"14":{"start":{"line":72,"column":17},"end":{"line":72,"column":18}},"15":{"start":{"line":73,"column":6},"end":{"line":73,"column":49}},"16":{"start":{"line":75,"column":4},"end":{"line":75,"column":18}},"17":{"start":{"line":78,"column":25},"end":{"line":86,"column":3}},"18":{"start":{"line":80,"column":6},"end":{"line":80,"column":47}},"19":{"start":{"line":80,"column":29},"end":{"line":80,"column":47}},"20":{"start":{"line":81,"column":6},"end":{"line":81,"column":58}},"21":{"start":{"line":81,"column":41},"end":{"line":81,"column":58}},"22":{"start":{"line":82,"column":6},"end":{"line":82,"column":84}},"23":{"start":{"line":82,"column":65},"end":{"line":82,"column":84}},"24":{"start":{"line":83,"column":6},"end":{"line":83,"column":23}},"25":{"start":{"line":88,"column":2},"end":{"line":135,"column":4}},"26":{"start":{"line":97,"column":12},"end":{"line":129,"column":19}},"27":{"start":{"line":99,"column":34},"end":{"line":99,"column":76}},"28":{"start":{"line":101,"column":18},"end":{"line":107,"column":20}},"29":{"start":{"line":110,"column":16},"end":{"line":122,"column":18}},"30":{"start":{"line":127,"column":18},"end":{"line":127,"column":74}},"31":{"start":{"line":138,"column":15},"end":{"line":165,"column":2}}},"fnMap":{"0":{"name":"getColumnCount","decl":{"start":{"line":41,"column":9},"end":{"line":41,"column":23}},"loc":{"start":{"line":41,"column":47},"end":{"line":49,"column":1}},"line":41},"1":{"name":"ButtonBoard","decl":{"start":{"line":51,"column":16},"end":{"line":51,"column":27}},"loc":{"start":{"line":59,"column":21},"end":{"line":136,"column":1}},"line":59},"2":{"name":"(anonymous_2)","decl":{"start":{"line":63,"column":35},"end":{"line":63,"column":36}},"loc":{"start":{"line":63,"column":65},"end":{"line":65,"column":3}},"line":63},"3":{"name":"(anonymous_3)","decl":{"start":{"line":67,"column":26},"end":{"line":67,"column":27}},"loc":{"start":{"line":67,"column":32},"end":{"line":67,"column":62}},"line":67},"4":{"name":"(anonymous_4)","decl":{"start":{"line":70,"column":23},"end":{"line":70,"column":24}},"loc":{"start":{"line":70,"column":29},"end":{"line":76,"column":3}},"line":70},"5":{"name":"(anonymous_5)","decl":{"start":{"line":79,"column":4},"end":{"line":79,"column":5}},"loc":{"start":{"line":79,"column":45},"end":{"line":84,"column":5}},"line":79},"6":{"name":"(anonymous_6)","decl":{"start":{"line":96,"column":20},"end":{"line":96,"column":21}},"loc":{"start":{"line":97,"column":12},"end":{"line":129,"column":19}},"line":97},"7":{"name":"(anonymous_7)","decl":{"start":{"line":98,"column":23},"end":{"line":98,"column":24}},"loc":{"start":{"line":98,"column":35},"end":{"line":123,"column":15}},"line":98},"8":{"name":"(anonymous_8)","decl":{"start":{"line":126,"column":65},"end":{"line":126,"column":66}},"loc":{"start":{"line":127,"column":18},"end":{"line":127,"column":74}},"line":127}},"branchMap":{"0":{"loc":{"start":{"line":42,"column":2},"end":{"line":44,"column":3}},"type":"if","locations":[{"start":{"line":42,"column":2},"end":{"line":44,"column":3}},{"start":{},"end":{}}],"line":42},"1":{"loc":{"start":{"line":45,"column":2},"end":{"line":47,"column":3}},"type":"if","locations":[{"start":{"line":45,"column":2},"end":{"line":47,"column":3}},{"start":{},"end":{}}],"line":45},"2":{"loc":{"start":{"line":80,"column":6},"end":{"line":80,"column":47}},"type":"if","locations":[{"start":{"line":80,"column":6},"end":{"line":80,"column":47}},{"start":{},"end":{}}],"line":80},"3":{"loc":{"start":{"line":81,"column":6},"end":{"line":81,"column":58}},"type":"if","locations":[{"start":{"line":81,"column":6},"end":{"line":81,"column":58}},{"start":{},"end":{}}],"line":81},"4":{"loc":{"start":{"line":82,"column":6},"end":{"line":82,"column":84}},"type":"if","locations":[{"start":{"line":82,"column":6},"end":{"line":82,"column":84}},{"start":{},"end":{}}],"line":82},"5":{"loc":{"start":{"line":82,"column":10},"end":{"line":82,"column":63}},"type":"binary-expr","locations":[{"start":{"line":82,"column":10},"end":{"line":82,"column":31}},{"start":{"line":82,"column":35},"end":{"line":82,"column":63}}],"line":82},"6":{"loc":{"start":{"line":99,"column":34},"end":{"line":99,"column":76}},"type":"binary-expr","locations":[{"start":{"line":99,"column":34},"end":{"line":99,"column":63}},{"start":{"line":99,"column":67},"end":{"line":99,"column":76}}],"line":99},"7":{"loc":{"start":{"line":112,"column":21},"end":{"line":120,"column":21}},"type":"cond-expr","locations":[{"start":{"line":113,"column":22},"end":{"line":117,"column":38}},{"start":{"line":119,"column":22},"end":{"line":119,"column":35}}],"line":112},"8":{"loc":{"start":{"line":125,"column":15},"end":{"line":128,"column":18}},"type":"binary-expr","locations":[{"start":{"line":125,"column":15},"end":{"line":125,"column":35}},{"start":{"line":126,"column":16},"end":{"line":128,"column":18}}],"line":125},"9":{"loc":{"start":{"line":133,"column":7},"end":{"line":133,"column":64}},"type":"binary-expr","locations":[{"start":{"line":133,"column":7},"end":{"line":133,"column":15}},{"start":{"line":133,"column":19},"end":{"line":133,"column":64}}],"line":133}},"s":{"0":0,"1":0,"2":0,"3":0,"4":0,"5":0,"6":0,"7":0,"8":0,"9":0,"10":0,"11":0,"12":0,"13":0,"14":0,"15":0,"16":0,"17":0,"18":0,"19":0,"20":0,"21":0,"22":0,"23":0,"24":0,"25":0,"26":0,"27":0,"28":0,"29":0,"30":0,"31":0},"f":{"0":0,"1":0,"2":0,"3":0,"4":0,"5":0,"6":0,"7":0,"8":0},"b":{"0":[0,0],"1":[0,0],"2":[0,0],"3":[0,0],"4":[0,0],"5":[0,0],"6":[0,0],"7":[0,0],"8":[0,0],"9":[0,0]}}
,"N:\\VibeDeck\\src\\components\\ButtonContextMenu.tsx": {"path":"N:\\VibeDeck\\src\\components\\ButtonContextMenu.tsx","statementMap":{"0":{"start":{"line":36,"column":22},"end":{"line":36,"column":53}},"1":{"start":{"line":37,"column":19},"end":{"line":37,"column":38}},"2":{"start":{"line":46,"column":17},"end":{"line":46,"column":36}},"3":{"start":{"line":47,"column":20},"end":{"line":47,"column":66}},"4":{"start":{"line":49,"column":2},"end":{"line":59,"column":27}},"5":{"start":{"line":50,"column":4},"end":{"line":58,"column":5}},"6":{"start":{"line":51,"column":6},"end":{"line":55,"column":17}},"7":{"start":{"line":57,"column":6},"end":{"line":57,"column":37}},"8":{"start":{"line":61,"column":29},"end":{"line":69,"column":3}},"9":{"start":{"line":62,"column":4},"end":{"line":68,"column":7}},"10":{"start":{"line":67,"column":6},"end":{"line":67,"column":16}},"11":{"start":{"line":71,"column":25},"end":{"line":76,"column":3}},"12":{"start":{"line":72,"column":4},"end":{"line":74,"column":5}},"13":{"start":{"line":73,"column":6},"end":{"line":73,"column":26}},"14":{"start":{"line":75,"column":4},"end":{"line":75,"column":25}},"15":{"start":{"line":78,"column":28},"end":{"line":83,"column":3}},"16":{"start":{"line":79,"column":4},"end":{"line":81,"column":5}},"17":{"start":{"line":80,"column":6},"end":{"line":80,"column":23}},"18":{"start":{"line":85,"column":2},"end":{"line":85,"column":27}},"19":{"start":{"line":85,"column":15},"end":{"line":85,"column":27}},"20":{"start":{"line":87,"column":19},"end":{"line":87,"column":36}},"21":{"start":{"line":89,"column":2},"end":{"line":145,"column":4}},"22":{"start":{"line":116,"column":36},"end":{"line":116,"column":86}},"23":{"start":{"line":134,"column":36},"end":{"line":134,"column":86}},"24":{"start":{"line":148,"column":15},"end":{"line":199,"column":2}}},"fnMap":{"0":{"name":"ButtonContextMenu","decl":{"start":{"line":39,"column":16},"end":{"line":39,"column":33}},"loc":{"start":{"line":45,"column":27},"end":{"line":146,"column":1}},"line":45},"1":{"name":"(anonymous_1)","decl":{"start":{"line":49,"column":12},"end":{"line":49,"column":13}},"loc":{"start":{"line":49,"column":18},"end":{"line":59,"column":3}},"line":49},"2":{"name":"(anonymous_2)","decl":{"start":{"line":61,"column":29},"end":{"line":61,"column":30}},"loc":{"start":{"line":61,"column":35},"end":{"line":69,"column":3}},"line":61},"3":{"name":"(anonymous_3)","decl":{"start":{"line":66,"column":13},"end":{"line":66,"column":14}},"loc":{"start":{"line":66,"column":19},"end":{"line":68,"column":5}},"line":66},"4":{"name":"(anonymous_4)","decl":{"start":{"line":71,"column":25},"end":{"line":71,"column":26}},"loc":{"start":{"line":71,"column":31},"end":{"line":76,"column":3}},"line":71},"5":{"name":"(anonymous_5)","decl":{"start":{"line":78,"column":28},"end":{"line":78,"column":29}},"loc":{"start":{"line":78,"column":34},"end":{"line":83,"column":3}},"line":78},"6":{"name":"(anonymous_6)","decl":{"start":{"line":116,"column":19},"end":{"line":116,"column":20}},"loc":{"start":{"line":116,"column":36},"end":{"line":116,"column":86}},"line":116},"7":{"name":"(anonymous_7)","decl":{"start":{"line":134,"column":19},"end":{"line":134,"column":20}},"loc":{"start":{"line":134,"column":36},"end":{"line":134,"column":86}},"line":134}},"branchMap":{"0":{"loc":{"start":{"line":50,"column":4},"end":{"line":58,"column":5}},"type":"if","locations":[{"start":{"line":50,"column":4},"end":{"line":58,"column":5}},{"start":{"line":56,"column":11},"end":{"line":58,"column":5}}],"line":50},"1":{"loc":{"start":{"line":72,"column":4},"end":{"line":74,"column":5}},"type":"if","locations":[{"start":{"line":72,"column":4},"end":{"line":74,"column":5}},{"start":{},"end":{}}],"line":72},"2":{"loc":{"start":{"line":79,"column":4},"end":{"line":81,"column":5}},"type":"if","locations":[{"start":{"line":79,"column":4},"end":{"line":81,"column":5}},{"start":{},"end":{}}],"line":79},"3":{"loc":{"start":{"line":85,"column":2},"end":{"line":85,"column":27}},"type":"if","locations":[{"start":{"line":85,"column":2},"end":{"line":85,"column":27}},{"start":{},"end":{}}],"line":85},"4":{"loc":{"start":{"line":116,"column":53},"end":{"line":116,"column":85}},"type":"binary-expr","locations":[{"start":{"line":116,"column":53},"end":{"line":116,"column":60}},{"start":{"line":116,"column":64},"end":{"line":116,"column":85}}],"line":116},"5":{"loc":{"start":{"line":119,"column":32},"end":{"line":119,"column":78}},"type":"cond-expr","locations":[{"start":{"line":119,"column":43},"end":{"line":119,"column":61}},{"start":{"line":119,"column":64},"end":{"line":119,"column":78}}],"line":119},"6":{"loc":{"start":{"line":125,"column":21},"end":{"line":125,"column":61}},"type":"cond-expr","locations":[{"start":{"line":125,"column":32},"end":{"line":125,"column":49}},{"start":{"line":125,"column":52},"end":{"line":125,"column":61}}],"line":125},"7":{"loc":{"start":{"line":128,"column":15},"end":{"line":128,"column":61}},"type":"cond-expr","locations":[{"start":{"line":128,"column":26},"end":{"line":128,"column":44}},{"start":{"line":128,"column":47},"end":{"line":128,"column":61}}],"line":128},"8":{"loc":{"start":{"line":134,"column":53},"end":{"line":134,"column":85}},"type":"binary-expr","locations":[{"start":{"line":134,"column":53},"end":{"line":134,"column":60}},{"start":{"line":134,"column":64},"end":{"line":134,"column":85}}],"line":134}},"s":{"0":0,"1":0,"2":0,"3":0,"4":0,"5":0,"6":0,"7":0,"8":0,"9":0,"10":0,"11":0,"12":0,"13":0,"14":0,"15":0,"16":0,"17":0,"18":0,"19":0,"20":0,"21":0,"22":0,"23":0,"24":0},"f":{"0":0,"1":0,"2":0,"3":0,"4":0,"5":0,"6":0,"7":0},"b":{"0":[0,0],"1":[0,0],"2":[0,0],"3":[0,0],"4":[0,0],"5":[0,0],"6":[0,0],"7":[0,0],"8":[0,0]}}
,"N:\\VibeDeck\\src\\components\\CountBadge.tsx": {"path":"N:\\VibeDeck\\src\\components\\CountBadge.tsx","statementMap":{"0":{"start":{"line":20,"column":20},"end":{"line":20,"column":78}},"1":{"start":{"line":21,"column":23},"end":{"line":21,"column":36}},"2":{"start":{"line":23,"column":2},"end":{"line":40,"column":25}},"3":{"start":{"line":25,"column":4},"end":{"line":39,"column":5}},"4":{"start":{"line":26,"column":6},"end":{"line":37,"column":17}},"5":{"start":{"line":38,"column":6},"end":{"line":38,"column":35}},"6":{"start":{"line":42,"column":2},"end":{"line":51,"column":34}},"7":{"start":{"line":44,"column":4},"end":{"line":50,"column":5}},"8":{"start":{"line":45,"column":6},"end":{"line":49,"column":17}},"9":{"start":{"line":54,"column":2},"end":{"line":56,"column":3}},"10":{"start":{"line":55,"column":4},"end":{"line":55,"column":16}},"11":{"start":{"line":58,"column":2},"end":{"line":69,"column":4}},"12":{"start":{"line":72,"column":15},"end":{"line":89,"column":2}}},"fnMap":{"0":{"name":"CountBadge","decl":{"start":{"line":19,"column":16},"end":{"line":19,"column":26}},"loc":{"start":{"line":19,"column":79},"end":{"line":70,"column":1}},"line":19},"1":{"name":"(anonymous_1)","decl":{"start":{"line":23,"column":12},"end":{"line":23,"column":13}},"loc":{"start":{"line":23,"column":18},"end":{"line":40,"column":3}},"line":23},"2":{"name":"(anonymous_2)","decl":{"start":{"line":42,"column":12},"end":{"line":42,"column":13}},"loc":{"start":{"line":42,"column":18},"end":{"line":51,"column":3}},"line":42}},"branchMap":{"0":{"loc":{"start":{"line":19,"column":36},"end":{"line":19,"column":58}},"type":"default-arg","locations":[{"start":{"line":19,"column":53},"end":{"line":19,"column":58}}],"line":19},"1":{"loc":{"start":{"line":20,"column":46},"end":{"line":20,"column":68}},"type":"cond-expr","locations":[{"start":{"line":20,"column":63},"end":{"line":20,"column":64}},{"start":{"line":20,"column":67},"end":{"line":20,"column":68}}],"line":20},"2":{"loc":{"start":{"line":25,"column":4},"end":{"line":39,"column":5}},"type":"if","locations":[{"start":{"line":25,"column":4},"end":{"line":39,"column":5}},{"start":{},"end":{}}],"line":25},"3":{"loc":{"start":{"line":44,"column":4},"end":{"line":50,"column":5}},"type":"if","locations":[{"start":{"line":44,"column":4},"end":{"line":50,"column":5}},{"start":{},"end":{}}],"line":44},"4":{"loc":{"start":{"line":54,"column":2},"end":{"line":56,"column":3}},"type":"if","locations":[{"start":{"line":54,"column":2},"end":{"line":56,"column":3}},{"start":{},"end":{}}],"line":54},"5":{"loc":{"start":{"line":54,"column":6},"end":{"line":54,"column":43}},"type":"binary-expr","locations":[{"start":{"line":54,"column":6},"end":{"line":54,"column":29}},{"start":{"line":54,"column":33},"end":{"line":54,"column":43}}],"line":54},"6":{"loc":{"start":{"line":66,"column":9},"end":{"line":66,"column":35}},"type":"cond-expr","locations":[{"start":{"line":66,"column":22},"end":{"line":66,"column":27}},{"start":{"line":66,"column":30},"end":{"line":66,"column":35}}],"line":66}},"s":{"0":11,"1":11,"2":11,"3":11,"4":1,"5":1,"6":11,"7":11,"8":1,"9":11,"10":5,"11":6,"12":1},"f":{"0":11,"1":11,"2":11},"b":{"0":[10],"1":[1,10],"2":[1,10],"3":[1,10],"4":[5,6],"5":[11,8],"6":[2,4]},"_coverageSchema":"1a1c01bbd47fc00a2c39e90264f33305004495a9","hash":"ee9d7bcbe15f9a543abd888eed15487593ce0da4"}
,"N:\\VibeDeck\\src\\components\\NowPlaying.tsx": {"path":"N:\\VibeDeck\\src\\components\\NowPlaying.tsx","statementMap":{"0":{"start":{"line":31,"column":2},"end":{"line":33,"column":3}},"1":{"start":{"line":32,"column":4},"end":{"line":32,"column":46}},"2":{"start":{"line":34,"column":2},"end":{"line":36,"column":3}},"3":{"start":{"line":35,"column":4},"end":{"line":35,"column":23}},"4":{"start":{"line":38,"column":15},"end":{"line":38,"column":29}},"5":{"start":{"line":39,"column":18},"end":{"line":39,"column":39}},"6":{"start":{"line":40,"column":2},"end":{"line":40,"column":57}},"7":{"start":{"line":44,"column":20},"end":{"line":44,"column":57}},"8":{"start":{"line":45,"column":20},"end":{"line":45,"column":80}},"9":{"start":{"line":48,"column":2},"end":{"line":55,"column":25}},"10":{"start":{"line":49,"column":4},"end":{"line":54,"column":15}},"11":{"start":{"line":58,"column":2},"end":{"line":81,"column":36}},"12":{"start":{"line":59,"column":4},"end":{"line":80,"column":5}},"13":{"start":{"line":60,"column":20},"end":{"line":75,"column":7}},"14":{"start":{"line":76,"column":6},"end":{"line":76,"column":20}},"15":{"start":{"line":77,"column":6},"end":{"line":77,"column":32}},"16":{"start":{"line":77,"column":19},"end":{"line":77,"column":31}},"17":{"start":{"line":79,"column":6},"end":{"line":79,"column":28}},"18":{"start":{"line":83,"column":2},"end":{"line":85,"column":3}},"19":{"start":{"line":84,"column":4},"end":{"line":84,"column":16}},"20":{"start":{"line":87,"column":2},"end":{"line":105,"column":4}},"21":{"start":{"line":108,"column":15},"end":{"line":124,"column":2}}},"fnMap":{"0":{"name":"getDisplayTitle","decl":{"start":{"line":30,"column":9},"end":{"line":30,"column":24}},"loc":{"start":{"line":30,"column":47},"end":{"line":41,"column":1}},"line":30},"1":{"name":"NowPlaying","decl":{"start":{"line":43,"column":16},"end":{"line":43,"column":26}},"loc":{"start":{"line":43,"column":66},"end":{"line":106,"column":1}},"line":43},"2":{"name":"(anonymous_2)","decl":{"start":{"line":48,"column":12},"end":{"line":48,"column":13}},"loc":{"start":{"line":48,"column":18},"end":{"line":55,"column":3}},"line":48},"3":{"name":"(anonymous_3)","decl":{"start":{"line":58,"column":12},"end":{"line":58,"column":13}},"loc":{"start":{"line":58,"column":18},"end":{"line":81,"column":3}},"line":58},"4":{"name":"(anonymous_4)","decl":{"start":{"line":77,"column":13},"end":{"line":77,"column":14}},"loc":{"start":{"line":77,"column":19},"end":{"line":77,"column":31}},"line":77}},"branchMap":{"0":{"loc":{"start":{"line":31,"column":2},"end":{"line":33,"column":3}},"type":"if","locations":[{"start":{"line":31,"column":2},"end":{"line":33,"column":3}},{"start":{},"end":{}}],"line":31},"1":{"loc":{"start":{"line":31,"column":6},"end":{"line":31,"column":33}},"type":"binary-expr","locations":[{"start":{"line":31,"column":6},"end":{"line":31,"column":17}},{"start":{"line":31,"column":21},"end":{"line":31,"column":33}}],"line":31},"2":{"loc":{"start":{"line":34,"column":2},"end":{"line":36,"column":3}},"type":"if","locations":[{"start":{"line":34,"column":2},"end":{"line":36,"column":3}},{"start":{},"end":{}}],"line":34},"3":{"loc":{"start":{"line":40,"column":9},"end":{"line":40,"column":56}},"type":"cond-expr","locations":[{"start":{"line":40,"column":23},"end":{"line":40,"column":49}},{"start":{"line":40,"column":52},"end":{"line":40,"column":56}}],"line":40},"4":{"loc":{"start":{"line":50,"column":15},"end":{"line":50,"column":51}},"type":"cond-expr","locations":[{"start":{"line":50,"column":23},"end":{"line":50,"column":24}},{"start":{"line":50,"column":27},"end":{"line":50,"column":51}}],"line":50},"5":{"loc":{"start":{"line":59,"column":4},"end":{"line":80,"column":5}},"type":"if","locations":[{"start":{"line":59,"column":4},"end":{"line":80,"column":5}},{"start":{"line":78,"column":11},"end":{"line":80,"column":5}}],"line":59},"6":{"loc":{"start":{"line":59,"column":8},"end":{"line":59,"column":26}},"type":"binary-expr","locations":[{"start":{"line":59,"column":8},"end":{"line":59,"column":17}},{"start":{"line":59,"column":21},"end":{"line":59,"column":26}}],"line":59},"7":{"loc":{"start":{"line":83,"column":2},"end":{"line":85,"column":3}},"type":"if","locations":[{"start":{"line":83,"column":2},"end":{"line":85,"column":3}},{"start":{},"end":{}}],"line":83},"8":{"loc":{"start":{"line":96,"column":16},"end":{"line":96,"column":49}},"type":"cond-expr","locations":[{"start":{"line":96,"column":28},"end":{"line":96,"column":39}},{"start":{"line":96,"column":42},"end":{"line":96,"column":49}}],"line":96}},"s":{"0":0,"1":0,"2":0,"3":0,"4":0,"5":0,"6":0,"7":0,"8":0,"9":0,"10":0,"11":0,"12":0,"13":0,"14":0,"15":0,"16":0,"17":0,"18":0,"19":0,"20":0,"21":0},"f":{"0":0,"1":0,"2":0,"3":0,"4":0},"b":{"0":[0,0],"1":[0,0],"2":[0,0],"3":[0,0],"4":[0,0],"5":[0,0],"6":[0,0],"7":[0,0],"8":[0,0]}}
,"N:\\VibeDeck\\src\\components\\PlaybackControls.tsx": {"path":"N:\\VibeDeck\\src\\components\\PlaybackControls.tsx","statementMap":{"0":{"start":{"line":23,"column":2},"end":{"line":23,"column":41}},"1":{"start":{"line":23,"column":20},"end":{"line":23,"column":41}},"2":{"start":{"line":24,"column":2},"end":{"line":24,"column":40}},"3":{"start":{"line":24,"column":20},"end":{"line":24,"column":40}},"4":{"start":{"line":25,"column":2},"end":{"line":25,"column":43}},"5":{"start":{"line":25,"column":20},"end":{"line":25,"column":43}},"6":{"start":{"line":26,"column":2},"end":{"line":26,"column":23}},"7":{"start":{"line":49,"column":2},"end":{"line":66,"column":4}},"8":{"start":{"line":69,"column":15},"end":{"line":79,"column":2}}},"fnMap":{"0":{"name":"getVolumeIconName","decl":{"start":{"line":22,"column":9},"end":{"line":22,"column":26}},"loc":{"start":{"line":22,"column":75},"end":{"line":27,"column":1}},"line":22},"1":{"name":"PlaybackControls","decl":{"start":{"line":42,"column":16},"end":{"line":42,"column":32}},"loc":{"start":{"line":48,"column":26},"end":{"line":67,"column":1}},"line":48}},"branchMap":{"0":{"loc":{"start":{"line":23,"column":2},"end":{"line":23,"column":41}},"type":"if","locations":[{"start":{"line":23,"column":2},"end":{"line":23,"column":41}},{"start":{},"end":{}}],"line":23},"1":{"loc":{"start":{"line":24,"column":2},"end":{"line":24,"column":40}},"type":"if","locations":[{"start":{"line":24,"column":2},"end":{"line":24,"column":40}},{"start":{},"end":{}}],"line":24},"2":{"loc":{"start":{"line":25,"column":2},"end":{"line":25,"column":43}},"type":"if","locations":[{"start":{"line":25,"column":2},"end":{"line":25,"column":43}},{"start":{},"end":{}}],"line":25},"3":{"loc":{"start":{"line":47,"column":2},"end":{"line":47,"column":19}},"type":"default-arg","locations":[{"start":{"line":47,"column":14},"end":{"line":47,"column":19}}],"line":47}},"s":{"0":0,"1":0,"2":0,"3":0,"4":0,"5":0,"6":0,"7":0,"8":0},"f":{"0":0,"1":0},"b":{"0":[0,0],"1":[0,0],"2":[0,0],"3":[0]}}
,"N:\\VibeDeck\\src\\components\\StopButton.tsx": {"path":"N:\\VibeDeck\\src\\components\\StopButton.tsx","statementMap":{"0":{"start":{"line":26,"column":20},"end":{"line":26,"column":57}},"1":{"start":{"line":28,"column":24},"end":{"line":35,"column":27}},"2":{"start":{"line":29,"column":4},"end":{"line":29,"column":25}},"3":{"start":{"line":29,"column":18},"end":{"line":29,"column":25}},"4":{"start":{"line":30,"column":4},"end":{"line":34,"column":15}},"5":{"start":{"line":37,"column":25},"end":{"line":43,"column":17}},"6":{"start":{"line":38,"column":4},"end":{"line":42,"column":15}},"7":{"start":{"line":45,"column":2},"end":{"line":69,"column":4}},"8":{"start":{"line":48,"column":32},"end":{"line":57,"column":9}},"9":{"start":{"line":72,"column":15},"end":{"line":92,"column":2}}},"fnMap":{"0":{"name":"StopButton","decl":{"start":{"line":25,"column":16},"end":{"line":25,"column":26}},"loc":{"start":{"line":25,"column":75},"end":{"line":70,"column":1}},"line":25},"1":{"name":"(anonymous_1)","decl":{"start":{"line":28,"column":36},"end":{"line":28,"column":37}},"loc":{"start":{"line":28,"column":42},"end":{"line":35,"column":3}},"line":28},"2":{"name":"(anonymous_2)","decl":{"start":{"line":37,"column":37},"end":{"line":37,"column":38}},"loc":{"start":{"line":37,"column":43},"end":{"line":43,"column":3}},"line":37},"3":{"name":"(anonymous_3)","decl":{"start":{"line":48,"column":15},"end":{"line":48,"column":16}},"loc":{"start":{"line":48,"column":32},"end":{"line":57,"column":9}},"line":48}},"branchMap":{"0":{"loc":{"start":{"line":25,"column":38},"end":{"line":25,"column":54}},"type":"default-arg","locations":[{"start":{"line":25,"column":49},"end":{"line":25,"column":54}}],"line":25},"1":{"loc":{"start":{"line":29,"column":4},"end":{"line":29,"column":25}},"type":"if","locations":[{"start":{"line":29,"column":4},"end":{"line":29,"column":25}},{"start":{},"end":{}}],"line":29},"2":{"loc":{"start":{"line":52,"column":14},"end":{"line":54,"column":30}},"type":"cond-expr","locations":[{"start":{"line":53,"column":18},"end":{"line":53,"column":47}},{"start":{"line":54,"column":18},"end":{"line":54,"column":30}}],"line":52},"3":{"loc":{"start":{"line":52,"column":14},"end":{"line":52,"column":34}},"type":"binary-expr","locations":[{"start":{"line":52,"column":14},"end":{"line":52,"column":21}},{"start":{"line":52,"column":25},"end":{"line":52,"column":34}}],"line":52},"4":{"loc":{"start":{"line":56,"column":10},"end":{"line":56,"column":37}},"type":"binary-expr","locations":[{"start":{"line":56,"column":10},"end":{"line":56,"column":18}},{"start":{"line":56,"column":22},"end":{"line":56,"column":37}}],"line":56},"5":{"loc":{"start":{"line":66,"column":35},"end":{"line":66,"column":66}},"type":"binary-expr","locations":[{"start":{"line":66,"column":35},"end":{"line":66,"column":43}},{"start":{"line":66,"column":47},"end":{"line":66,"column":66}}],"line":66}},"s":{"0":0,"1":0,"2":0,"3":0,"4":0,"5":0,"6":0,"7":0,"8":0,"9":0},"f":{"0":0,"1":0,"2":0,"3":0},"b":{"0":[0],"1":[0,0],"2":[0,0],"3":[0,0],"4":[0,0],"5":[0,0]}}
,"N:\\VibeDeck\\src\\components\\Toast.tsx": {"path":"N:\\VibeDeck\\src\\components\\Toast.tsx","statementMap":{"0":{"start":{"line":36,"column":48},"end":{"line":41,"column":1}},"1":{"start":{"line":43,"column":47},"end":{"line":48,"column":1}},"2":{"start":{"line":58,"column":21},"end":{"line":58,"column":88}},"3":{"start":{"line":59,"column":18},"end":{"line":59,"column":55}},"4":{"start":{"line":61,"column":2},"end":{"line":84,"column":26}},"5":{"start":{"line":62,"column":4},"end":{"line":83,"column":5}},"6":{"start":{"line":64,"column":6},"end":{"line":75,"column":17}},"7":{"start":{"line":78,"column":20},"end":{"line":80,"column":18}},"8":{"start":{"line":79,"column":8},"end":{"line":79,"column":24}},"9":{"start":{"line":82,"column":6},"end":{"line":82,"column":39}},"10":{"start":{"line":82,"column":19},"end":{"line":82,"column":38}},"11":{"start":{"line":86,"column":24},"end":{"line":102,"column":3}},"12":{"start":{"line":88,"column":4},"end":{"line":101,"column":7}},"13":{"start":{"line":100,"column":6},"end":{"line":100,"column":18}},"14":{"start":{"line":104,"column":2},"end":{"line":104,"column":28}},"15":{"start":{"line":104,"column":16},"end":{"line":104,"column":28}},"16":{"start":{"line":106,"column":35},"end":{"line":108,"column":57}},"17":{"start":{"line":110,"column":2},"end":{"line":145,"column":4}},"18":{"start":{"line":148,"column":15},"end":{"line":180,"column":2}}},"fnMap":{"0":{"name":"Toast","decl":{"start":{"line":50,"column":16},"end":{"line":50,"column":21}},"loc":{"start":{"line":57,"column":15},"end":{"line":146,"column":1}},"line":57},"1":{"name":"(anonymous_1)","decl":{"start":{"line":61,"column":12},"end":{"line":61,"column":13}},"loc":{"start":{"line":61,"column":18},"end":{"line":84,"column":3}},"line":61},"2":{"name":"(anonymous_2)","decl":{"start":{"line":78,"column":31},"end":{"line":78,"column":32}},"loc":{"start":{"line":78,"column":37},"end":{"line":80,"column":7}},"line":78},"3":{"name":"(anonymous_3)","decl":{"start":{"line":82,"column":13},"end":{"line":82,"column":14}},"loc":{"start":{"line":82,"column":19},"end":{"line":82,"column":38}},"line":82},"4":{"name":"(anonymous_4)","decl":{"start":{"line":86,"column":24},"end":{"line":86,"column":25}},"loc":{"start":{"line":86,"column":30},"end":{"line":102,"column":3}},"line":86},"5":{"name":"(anonymous_5)","decl":{"start":{"line":99,"column":13},"end":{"line":99,"column":14}},"loc":{"start":{"line":99,"column":19},"end":{"line":101,"column":5}},"line":99}},"branchMap":{"0":{"loc":{"start":{"line":52,"column":2},"end":{"line":52,"column":16}},"type":"default-arg","locations":[{"start":{"line":52,"column":9},"end":{"line":52,"column":16}}],"line":52},"1":{"loc":{"start":{"line":55,"column":2},"end":{"line":55,"column":17}},"type":"default-arg","locations":[{"start":{"line":55,"column":13},"end":{"line":55,"column":17}}],"line":55},"2":{"loc":{"start":{"line":56,"column":2},"end":{"line":56,"column":18}},"type":"default-arg","locations":[{"start":{"line":56,"column":13},"end":{"line":56,"column":18}}],"line":56},"3":{"loc":{"start":{"line":58,"column":47},"end":{"line":58,"column":78}},"type":"cond-expr","locations":[{"start":{"line":58,"column":68},"end":{"line":58,"column":72}},{"start":{"line":58,"column":75},"end":{"line":58,"column":78}}],"line":58},"4":{"loc":{"start":{"line":62,"column":4},"end":{"line":83,"column":5}},"type":"if","locations":[{"start":{"line":62,"column":4},"end":{"line":83,"column":5}},{"start":{},"end":{}}],"line":62},"5":{"loc":{"start":{"line":90,"column":17},"end":{"line":90,"column":48}},"type":"cond-expr","locations":[{"start":{"line":90,"column":38},"end":{"line":90,"column":42}},{"start":{"line":90,"column":45},"end":{"line":90,"column":48}}],"line":90},"6":{"loc":{"start":{"line":104,"column":2},"end":{"line":104,"column":28}},"type":"if","locations":[{"start":{"line":104,"column":2},"end":{"line":104,"column":28}},{"start":{},"end":{}}],"line":104},"7":{"loc":{"start":{"line":106,"column":35},"end":{"line":108,"column":57}},"type":"cond-expr","locations":[{"start":{"line":107,"column":6},"end":{"line":107,"column":37}},{"start":{"line":108,"column":6},"end":{"line":108,"column":57}}],"line":106}},"s":{"0":0,"1":0,"2":0,"3":0,"4":0,"5":0,"6":0,"7":0,"8":0,"9":0,"10":0,"11":0,"12":0,"13":0,"14":0,"15":0,"16":0,"17":0,"18":0},"f":{"0":0,"1":0,"2":0,"3":0,"4":0,"5":0},"b":{"0":[0],"1":[0],"2":[0],"3":[0,0],"4":[0,0],"5":[0,0],"6":[0,0],"7":[0,0]}}
,"N:\\VibeDeck\\src\\components\\TypeIndicator.tsx": {"path":"N:\\VibeDeck\\src\\components\\TypeIndicator.tsx","statementMap":{"0":{"start":{"line":13,"column":2},"end":{"line":13,"column":43}},"1":{"start":{"line":16,"column":15},"end":{"line":27,"column":2}}},"fnMap":{"0":{"name":"TypeIndicator","decl":{"start":{"line":12,"column":16},"end":{"line":12,"column":29}},"loc":{"start":{"line":12,"column":32},"end":{"line":14,"column":1}},"line":12}},"branchMap":{},"s":{"0":0,"1":0},"f":{"0":0},"b":{}}
,"N:\\VibeDeck\\src\\components\\VolumeSlider.tsx": {"path":"N:\\VibeDeck\\src\\components\\VolumeSlider.tsx","statementMap":{"0":{"start":{"line":21,"column":20},"end":{"line":21,"column":22}},"1":{"start":{"line":40,"column":40},"end":{"line":40,"column":51}},"2":{"start":{"line":41,"column":20},"end":{"line":41,"column":38}},"3":{"start":{"line":42,"column":26},"end":{"line":42,"column":39}},"4":{"start":{"line":43,"column":26},"end":{"line":43,"column":35}},"5":{"start":{"line":46,"column":2},"end":{"line":46,"column":34}},"6":{"start":{"line":48,"column":25},"end":{"line":58,"column":3}},"7":{"start":{"line":51,"column":6},"end":{"line":51,"column":42}},"8":{"start":{"line":51,"column":29},"end":{"line":51,"column":42}},"9":{"start":{"line":53,"column":23},"end":{"line":53,"column":37}},"10":{"start":{"line":54,"column":25},"end":{"line":54,"column":73}},"11":{"start":{"line":55,"column":6},"end":{"line":55,"column":42}},"12":{"start":{"line":61,"column":33},"end":{"line":70,"column":3}},"13":{"start":{"line":63,"column":18},"end":{"line":63,"column":28}},"14":{"start":{"line":64,"column":6},"end":{"line":67,"column":7}},"15":{"start":{"line":65,"column":8},"end":{"line":65,"column":38}},"16":{"start":{"line":66,"column":8},"end":{"line":66,"column":32}},"17":{"start":{"line":72,"column":23},"end":{"line":103,"column":3}},"18":{"start":{"line":74,"column":6},"end":{"line":101,"column":8}},"19":{"start":{"line":75,"column":44},"end":{"line":75,"column":72}},"20":{"start":{"line":76,"column":43},"end":{"line":76,"column":71}},"21":{"start":{"line":78,"column":10},"end":{"line":78,"column":52}},"22":{"start":{"line":78,"column":45},"end":{"line":78,"column":52}},"23":{"start":{"line":80,"column":24},"end":{"line":80,"column":45}},"24":{"start":{"line":81,"column":10},"end":{"line":86,"column":13}},"25":{"start":{"line":82,"column":29},"end":{"line":82,"column":53}},"26":{"start":{"line":84,"column":12},"end":{"line":84,"column":49}},"27":{"start":{"line":85,"column":12},"end":{"line":85,"column":36}},"28":{"start":{"line":89,"column":10},"end":{"line":89,"column":52}},"29":{"start":{"line":89,"column":45},"end":{"line":89,"column":52}},"30":{"start":{"line":91,"column":24},"end":{"line":91,"column":45}},"31":{"start":{"line":92,"column":10},"end":{"line":95,"column":13}},"32":{"start":{"line":93,"column":29},"end":{"line":93,"column":53}},"33":{"start":{"line":94,"column":12},"end":{"line":94,"column":45}},"34":{"start":{"line":98,"column":10},"end":{"line":98,"column":31}},"35":{"start":{"line":98,"column":24},"end":{"line":98,"column":31}},"36":{"start":{"line":99,"column":10},"end":{"line":99,"column":55}},"37":{"start":{"line":105,"column":23},"end":{"line":107,"column":8}},"38":{"start":{"line":106,"column":4},"end":{"line":106,"column":51}},"39":{"start":{"line":109,"column":36},"end":{"line":109,"column":47}},"40":{"start":{"line":110,"column":36},"end":{"line":110,"column":47}},"41":{"start":{"line":112,"column":2},"end":{"line":138,"column":4}},"42":{"start":{"line":141,"column":15},"end":{"line":173,"column":2}}},"fnMap":{"0":{"name":"VolumeSlider","decl":{"start":{"line":34,"column":16},"end":{"line":34,"column":28}},"loc":{"start":{"line":39,"column":22},"end":{"line":139,"column":1}},"line":39},"1":{"name":"(anonymous_1)","decl":{"start":{"line":49,"column":4},"end":{"line":49,"column":5}},"loc":{"start":{"line":49,"column":47},"end":{"line":56,"column":5}},"line":49},"2":{"name":"(anonymous_2)","decl":{"start":{"line":62,"column":4},"end":{"line":62,"column":5}},"loc":{"start":{"line":62,"column":26},"end":{"line":68,"column":5}},"line":62},"3":{"name":"(anonymous_3)","decl":{"start":{"line":73,"column":4},"end":{"line":73,"column":5}},"loc":{"start":{"line":74,"column":6},"end":{"line":101,"column":8}},"line":74},"4":{"name":"(anonymous_4)","decl":{"start":{"line":75,"column":38},"end":{"line":75,"column":39}},"loc":{"start":{"line":75,"column":44},"end":{"line":75,"column":72}},"line":75},"5":{"name":"(anonymous_5)","decl":{"start":{"line":76,"column":37},"end":{"line":76,"column":38}},"loc":{"start":{"line":76,"column":43},"end":{"line":76,"column":71}},"line":76},"6":{"name":"(anonymous_6)","decl":{"start":{"line":77,"column":29},"end":{"line":77,"column":30}},"loc":{"start":{"line":77,"column":61},"end":{"line":87,"column":9}},"line":77},"7":{"name":"(anonymous_7)","decl":{"start":{"line":81,"column":45},"end":{"line":81,"column":46}},"loc":{"start":{"line":81,"column":52},"end":{"line":86,"column":11}},"line":81},"8":{"name":"(anonymous_8)","decl":{"start":{"line":88,"column":28},"end":{"line":88,"column":29}},"loc":{"start":{"line":88,"column":60},"end":{"line":96,"column":9}},"line":88},"9":{"name":"(anonymous_9)","decl":{"start":{"line":92,"column":45},"end":{"line":92,"column":46}},"loc":{"start":{"line":92,"column":52},"end":{"line":95,"column":11}},"line":92},"10":{"name":"(anonymous_10)","decl":{"start":{"line":97,"column":31},"end":{"line":97,"column":32}},"loc":{"start":{"line":97,"column":37},"end":{"line":100,"column":9}},"line":97},"11":{"name":"(anonymous_11)","decl":{"start":{"line":105,"column":35},"end":{"line":105,"column":36}},"loc":{"start":{"line":105,"column":65},"end":{"line":107,"column":3}},"line":105}},"branchMap":{"0":{"loc":{"start":{"line":38,"column":2},"end":{"line":38,"column":18}},"type":"default-arg","locations":[{"start":{"line":38,"column":13},"end":{"line":38,"column":18}}],"line":38},"1":{"loc":{"start":{"line":51,"column":6},"end":{"line":51,"column":42}},"type":"if","locations":[{"start":{"line":51,"column":6},"end":{"line":51,"column":42}},{"start":{},"end":{}}],"line":51},"2":{"loc":{"start":{"line":64,"column":6},"end":{"line":67,"column":7}},"type":"if","locations":[{"start":{"line":64,"column":6},"end":{"line":67,"column":7}},{"start":{},"end":{}}],"line":64},"3":{"loc":{"start":{"line":75,"column":44},"end":{"line":75,"column":72}},"type":"binary-expr","locations":[{"start":{"line":75,"column":44},"end":{"line":75,"column":53}},{"start":{"line":75,"column":57},"end":{"line":75,"column":72}}],"line":75},"4":{"loc":{"start":{"line":76,"column":43},"end":{"line":76,"column":71}},"type":"binary-expr","locations":[{"start":{"line":76,"column":43},"end":{"line":76,"column":52}},{"start":{"line":76,"column":56},"end":{"line":76,"column":71}}],"line":76},"5":{"loc":{"start":{"line":78,"column":10},"end":{"line":78,"column":52}},"type":"if","locations":[{"start":{"line":78,"column":10},"end":{"line":78,"column":52}},{"start":{},"end":{}}],"line":78},"6":{"loc":{"start":{"line":78,"column":14},"end":{"line":78,"column":43}},"type":"binary-expr","locations":[{"start":{"line":78,"column":14},"end":{"line":78,"column":22}},{"start":{"line":78,"column":26},"end":{"line":78,"column":43}}],"line":78},"7":{"loc":{"start":{"line":89,"column":10},"end":{"line":89,"column":52}},"type":"if","locations":[{"start":{"line":89,"column":10},"end":{"line":89,"column":52}},{"start":{},"end":{}}],"line":89},"8":{"loc":{"start":{"line":89,"column":14},"end":{"line":89,"column":43}},"type":"binary-expr","locations":[{"start":{"line":89,"column":14},"end":{"line":89,"column":22}},{"start":{"line":89,"column":26},"end":{"line":89,"column":43}}],"line":89},"9":{"loc":{"start":{"line":98,"column":10},"end":{"line":98,"column":31}},"type":"if","locations":[{"start":{"line":98,"column":10},"end":{"line":98,"column":31}},{"start":{},"end":{}}],"line":98},"10":{"loc":{"start":{"line":115,"column":32},"end":{"line":115,"column":59}},"type":"binary-expr","locations":[{"start":{"line":115,"column":32},"end":{"line":115,"column":40}},{"start":{"line":115,"column":44},"end":{"line":115,"column":59}}],"line":115}},"s":{"0":0,"1":0,"2":0,"3":0,"4":0,"5":0,"6":0,"7":0,"8":0,"9":0,"10":0,"11":0,"12":0,"13":0,"14":0,"15":0,"16":0,"17":0,"18":0,"19":0,"20":0,"21":0,"22":0,"23":0,"24":0,"25":0,"26":0,"27":0,"28":0,"29":0,"30":0,"31":0,"32":0,"33":0,"34":0,"35":0,"36":0,"37":0,"38":0,"39":0,"40":0,"41":0,"42":0},"f":{"0":0,"1":0,"2":0,"3":0,"4":0,"5":0,"6":0,"7":0,"8":0,"9":0,"10":0,"11":0},"b":{"0":[0],"1":[0,0],"2":[0,0],"3":[0,0],"4":[0,0],"5":[0,0],"6":[0,0],"7":[0,0],"8":[0,0],"9":[0,0],"10":[0,0]}}
,"N:\\VibeDeck\\src\\components\\library\\BulkActionBar.tsx": {"path":"N:\\VibeDeck\\src\\components\\library\\BulkActionBar.tsx","statementMap":{"0":{"start":{"line":30,"column":2},"end":{"line":66,"column":4}},"1":{"start":{"line":33,"column":32},"end":{"line":38,"column":9}},"2":{"start":{"line":50,"column":32},"end":{"line":55,"column":9}},"3":{"start":{"line":69,"column":15},"end":{"line":106,"column":2}}},"fnMap":{"0":{"name":"BulkActionBar","decl":{"start":{"line":24,"column":16},"end":{"line":24,"column":29}},"loc":{"start":{"line":29,"column":23},"end":{"line":67,"column":1}},"line":29},"1":{"name":"(anonymous_1)","decl":{"start":{"line":33,"column":15},"end":{"line":33,"column":16}},"loc":{"start":{"line":33,"column":32},"end":{"line":38,"column":9}},"line":33},"2":{"name":"(anonymous_2)","decl":{"start":{"line":50,"column":15},"end":{"line":50,"column":16}},"loc":{"start":{"line":50,"column":32},"end":{"line":55,"column":9}},"line":50}},"branchMap":{"0":{"loc":{"start":{"line":27,"column":2},"end":{"line":27,"column":18}},"type":"default-arg","locations":[{"start":{"line":27,"column":13},"end":{"line":27,"column":18}}],"line":27},"1":{"loc":{"start":{"line":36,"column":10},"end":{"line":36,"column":54}},"type":"binary-expr","locations":[{"start":{"line":36,"column":10},"end":{"line":36,"column":17}},{"start":{"line":36,"column":21},"end":{"line":36,"column":30}},{"start":{"line":36,"column":34},"end":{"line":36,"column":54}}],"line":36},"2":{"loc":{"start":{"line":37,"column":10},"end":{"line":37,"column":43}},"type":"binary-expr","locations":[{"start":{"line":37,"column":10},"end":{"line":37,"column":18}},{"start":{"line":37,"column":22},"end":{"line":37,"column":43}}],"line":37},"3":{"loc":{"start":{"line":53,"column":10},"end":{"line":53,"column":54}},"type":"binary-expr","locations":[{"start":{"line":53,"column":10},"end":{"line":53,"column":17}},{"start":{"line":53,"column":21},"end":{"line":53,"column":30}},{"start":{"line":53,"column":34},"end":{"line":53,"column":54}}],"line":53},"4":{"loc":{"start":{"line":54,"column":10},"end":{"line":54,"column":43}},"type":"binary-expr","locations":[{"start":{"line":54,"column":10},"end":{"line":54,"column":18}},{"start":{"line":54,"column":22},"end":{"line":54,"column":43}}],"line":54}},"s":{"0":0,"1":0,"2":0,"3":0},"f":{"0":0,"1":0,"2":0},"b":{"0":[0],"1":[0,0,0],"2":[0,0],"3":[0,0,0],"4":[0,0]}}
,"N:\\VibeDeck\\src\\components\\library\\EmptyLibrary.tsx": {"path":"N:\\VibeDeck\\src\\components\\library\\EmptyLibrary.tsx","statementMap":{"0":{"start":{"line":21,"column":2},"end":{"line":46,"column":4}},"1":{"start":{"line":34,"column":32},"end":{"line":37,"column":9}},"2":{"start":{"line":49,"column":15},"end":{"line":89,"column":2}}},"fnMap":{"0":{"name":"EmptyLibrary","decl":{"start":{"line":20,"column":16},"end":{"line":20,"column":28}},"loc":{"start":{"line":20,"column":70},"end":{"line":47,"column":1}},"line":20},"1":{"name":"(anonymous_1)","decl":{"start":{"line":34,"column":15},"end":{"line":34,"column":16}},"loc":{"start":{"line":34,"column":32},"end":{"line":37,"column":9}},"line":34}},"branchMap":{"0":{"loc":{"start":{"line":36,"column":10},"end":{"line":36,"column":41}},"type":"binary-expr","locations":[{"start":{"line":36,"column":10},"end":{"line":36,"column":17}},{"start":{"line":36,"column":21},"end":{"line":36,"column":41}}],"line":36}},"s":{"0":0,"1":0,"2":0},"f":{"0":0,"1":0},"b":{"0":[0,0]}}
,"N:\\VibeDeck\\src\\components\\library\\LibraryHeader.tsx": {"path":"N:\\VibeDeck\\src\\components\\library\\LibraryHeader.tsx","statementMap":{"0":{"start":{"line":27,"column":2},"end":{"line":52,"column":4}},"1":{"start":{"line":31,"column":32},"end":{"line":35,"column":9}},"2":{"start":{"line":55,"column":15},"end":{"line":89,"column":2}}},"fnMap":{"0":{"name":"LibraryHeader","decl":{"start":{"line":22,"column":16},"end":{"line":22,"column":29}},"loc":{"start":{"line":26,"column":23},"end":{"line":53,"column":1}},"line":26},"1":{"name":"(anonymous_1)","decl":{"start":{"line":31,"column":15},"end":{"line":31,"column":16}},"loc":{"start":{"line":31,"column":32},"end":{"line":35,"column":9}},"line":31}},"branchMap":{"0":{"loc":{"start":{"line":24,"column":2},"end":{"line":24,"column":21}},"type":"default-arg","locations":[{"start":{"line":24,"column":16},"end":{"line":24,"column":21}}],"line":24},"1":{"loc":{"start":{"line":33,"column":10},"end":{"line":33,"column":57}},"type":"binary-expr","locations":[{"start":{"line":33,"column":10},"end":{"line":33,"column":17}},{"start":{"line":33,"column":21},"end":{"line":33,"column":33}},{"start":{"line":33,"column":37},"end":{"line":33,"column":57}}],"line":33},"2":{"loc":{"start":{"line":34,"column":10},"end":{"line":34,"column":46}},"type":"binary-expr","locations":[{"start":{"line":34,"column":10},"end":{"line":34,"column":21}},{"start":{"line":34,"column":25},"end":{"line":34,"column":46}}],"line":34},"3":{"loc":{"start":{"line":39,"column":28},"end":{"line":39,"column":74}},"type":"cond-expr","locations":[{"start":{"line":39,"column":42},"end":{"line":39,"column":56}},{"start":{"line":39,"column":59},"end":{"line":39,"column":74}}],"line":39},"4":{"loc":{"start":{"line":43,"column":16},"end":{"line":43,"column":48}},"type":"cond-expr","locations":[{"start":{"line":43,"column":30},"end":{"line":43,"column":39}},{"start":{"line":43,"column":42},"end":{"line":43,"column":48}}],"line":43},"5":{"loc":{"start":{"line":48,"column":11},"end":{"line":48,"column":50}},"type":"cond-expr","locations":[{"start":{"line":48,"column":25},"end":{"line":48,"column":39}},{"start":{"line":48,"column":42},"end":{"line":48,"column":50}}],"line":48}},"s":{"0":0,"1":0,"2":0},"f":{"0":0,"1":0},"b":{"0":[0],"1":[0,0,0],"2":[0,0],"3":[0,0],"4":[0,0],"5":[0,0]}}
,"N:\\VibeDeck\\src\\components\\library\\SearchBar.tsx": {"path":"N:\\VibeDeck\\src\\components\\library\\SearchBar.tsx","statementMap":{"0":{"start":{"line":19,"column":27},"end":{"line":19,"column":30}},"1":{"start":{"line":38,"column":38},"end":{"line":38,"column":53}},"2":{"start":{"line":39,"column":22},"end":{"line":39,"column":72}},"3":{"start":{"line":42,"column":2},"end":{"line":44,"column":14}},"4":{"start":{"line":43,"column":4},"end":{"line":43,"column":25}},"5":{"start":{"line":46,"column":27},"end":{"line":60,"column":3}},"6":{"start":{"line":48,"column":6},"end":{"line":48,"column":26}},"7":{"start":{"line":51,"column":6},"end":{"line":53,"column":7}},"8":{"start":{"line":52,"column":8},"end":{"line":52,"column":42}},"9":{"start":{"line":55,"column":6},"end":{"line":57,"column":29}},"10":{"start":{"line":56,"column":8},"end":{"line":56,"column":27}},"11":{"start":{"line":62,"column":22},"end":{"line":65,"column":20}},"12":{"start":{"line":63,"column":4},"end":{"line":63,"column":22}},"13":{"start":{"line":64,"column":4},"end":{"line":64,"column":21}},"14":{"start":{"line":68,"column":2},"end":{"line":74,"column":9}},"15":{"start":{"line":69,"column":4},"end":{"line":73,"column":6}},"16":{"start":{"line":70,"column":6},"end":{"line":72,"column":7}},"17":{"start":{"line":71,"column":8},"end":{"line":71,"column":42}},"18":{"start":{"line":76,"column":2},"end":{"line":107,"column":4}},"19":{"start":{"line":110,"column":15},"end":{"line":134,"column":2}}},"fnMap":{"0":{"name":"SearchBar","decl":{"start":{"line":32,"column":16},"end":{"line":32,"column":25}},"loc":{"start":{"line":37,"column":19},"end":{"line":108,"column":1}},"line":37},"1":{"name":"(anonymous_1)","decl":{"start":{"line":42,"column":12},"end":{"line":42,"column":13}},"loc":{"start":{"line":42,"column":18},"end":{"line":44,"column":3}},"line":42},"2":{"name":"(anonymous_2)","decl":{"start":{"line":47,"column":4},"end":{"line":47,"column":5}},"loc":{"start":{"line":47,"column":22},"end":{"line":58,"column":5}},"line":47},"3":{"name":"(anonymous_3)","decl":{"start":{"line":55,"column":39},"end":{"line":55,"column":40}},"loc":{"start":{"line":55,"column":45},"end":{"line":57,"column":7}},"line":55},"4":{"name":"(anonymous_4)","decl":{"start":{"line":62,"column":34},"end":{"line":62,"column":35}},"loc":{"start":{"line":62,"column":40},"end":{"line":65,"column":3}},"line":62},"5":{"name":"(anonymous_5)","decl":{"start":{"line":68,"column":12},"end":{"line":68,"column":13}},"loc":{"start":{"line":68,"column":18},"end":{"line":74,"column":3}},"line":68},"6":{"name":"(anonymous_6)","decl":{"start":{"line":69,"column":11},"end":{"line":69,"column":12}},"loc":{"start":{"line":69,"column":17},"end":{"line":73,"column":5}},"line":69}},"branchMap":{"0":{"loc":{"start":{"line":35,"column":2},"end":{"line":35,"column":34}},"type":"default-arg","locations":[{"start":{"line":35,"column":16},"end":{"line":35,"column":34}}],"line":35},"1":{"loc":{"start":{"line":51,"column":6},"end":{"line":53,"column":7}},"type":"if","locations":[{"start":{"line":51,"column":6},"end":{"line":53,"column":7}},{"start":{},"end":{}}],"line":51},"2":{"loc":{"start":{"line":70,"column":6},"end":{"line":72,"column":7}},"type":"if","locations":[{"start":{"line":70,"column":6},"end":{"line":72,"column":7}},{"start":{},"end":{}}],"line":70},"3":{"loc":{"start":{"line":96,"column":7},"end":{"line":105,"column":7}},"type":"binary-expr","locations":[{"start":{"line":96,"column":7},"end":{"line":96,"column":28}},{"start":{"line":97,"column":8},"end":{"line":104,"column":20}}],"line":96}},"s":{"0":0,"1":0,"2":0,"3":0,"4":0,"5":0,"6":0,"7":0,"8":0,"9":0,"10":0,"11":0,"12":0,"13":0,"14":0,"15":0,"16":0,"17":0,"18":0,"19":0},"f":{"0":0,"1":0,"2":0,"3":0,"4":0,"5":0,"6":0},"b":{"0":[0],"1":[0,0],"2":[0,0],"3":[0,0]}}
,"N:\\VibeDeck\\src\\components\\library\\SelectionHeader.tsx": {"path":"N:\\VibeDeck\\src\\components\\library\\SelectionHeader.tsx","statementMap":{"0":{"start":{"line":26,"column":2},"end":{"line":40,"column":4}},"1":{"start":{"line":43,"column":15},"end":{"line":65,"column":2}}},"fnMap":{"0":{"name":"SelectionHeader","decl":{"start":{"line":21,"column":16},"end":{"line":21,"column":31}},"loc":{"start":{"line":25,"column":25},"end":{"line":41,"column":1}},"line":25}},"branchMap":{},"s":{"0":0,"1":0},"f":{"0":0},"b":{}}
,"N:\\VibeDeck\\src\\components\\library\\TrackRow.tsx": {"path":"N:\\VibeDeck\\src\\components\\library\\TrackRow.tsx","statementMap":{"0":{"start":{"line":22,"column":32},"end":{"line":22,"column":34}},"1":{"start":{"line":56,"column":22},"end":{"line":62,"column":53}},"2":{"start":{"line":57,"column":4},"end":{"line":61,"column":5}},"3":{"start":{"line":58,"column":6},"end":{"line":58,"column":30}},"4":{"start":{"line":60,"column":6},"end":{"line":60,"column":23}},"5":{"start":{"line":64,"column":26},"end":{"line":66,"column":26}},"6":{"start":{"line":65,"column":4},"end":{"line":65,"column":25}},"7":{"start":{"line":68,"column":24},"end":{"line":70,"column":24}},"8":{"start":{"line":69,"column":4},"end":{"line":69,"column":23}},"9":{"start":{"line":72,"column":23},"end":{"line":72,"column":52}},"10":{"start":{"line":73,"column":24},"end":{"line":73,"column":56}},"11":{"start":{"line":76,"column":22},"end":{"line":76,"column":38}},"12":{"start":{"line":77,"column":23},"end":{"line":77,"column":97}},"13":{"start":{"line":79,"column":29},"end":{"line":86,"column":15}},"14":{"start":{"line":88,"column":2},"end":{"line":155,"column":4}},"15":{"start":{"line":90,"column":30},"end":{"line":94,"column":7}},"16":{"start":{"line":106,"column":25},"end":{"line":106,"column":48}},"17":{"start":{"line":140,"column":14},"end":{"line":146,"column":16}},"18":{"start":{"line":158,"column":15},"end":{"line":233,"column":2}}},"fnMap":{"0":{"name":"TrackRow","decl":{"start":{"line":45,"column":16},"end":{"line":45,"column":24}},"loc":{"start":{"line":55,"column":18},"end":{"line":156,"column":1}},"line":55},"1":{"name":"(anonymous_1)","decl":{"start":{"line":56,"column":34},"end":{"line":56,"column":35}},"loc":{"start":{"line":56,"column":40},"end":{"line":62,"column":3}},"line":56},"2":{"name":"(anonymous_2)","decl":{"start":{"line":64,"column":38},"end":{"line":64,"column":39}},"loc":{"start":{"line":64,"column":44},"end":{"line":66,"column":3}},"line":64},"3":{"name":"(anonymous_3)","decl":{"start":{"line":68,"column":36},"end":{"line":68,"column":37}},"loc":{"start":{"line":68,"column":42},"end":{"line":70,"column":3}},"line":68},"4":{"name":"(anonymous_4)","decl":{"start":{"line":90,"column":13},"end":{"line":90,"column":14}},"loc":{"start":{"line":90,"column":30},"end":{"line":94,"column":7}},"line":90},"5":{"name":"(anonymous_5)","decl":{"start":{"line":106,"column":19},"end":{"line":106,"column":20}},"loc":{"start":{"line":106,"column":25},"end":{"line":106,"column":48}},"line":106},"6":{"name":"(anonymous_6)","decl":{"start":{"line":139,"column":29},"end":{"line":139,"column":30}},"loc":{"start":{"line":140,"column":14},"end":{"line":146,"column":16}},"line":140}},"branchMap":{"0":{"loc":{"start":{"line":48,"column":2},"end":{"line":48,"column":23}},"type":"default-arg","locations":[{"start":{"line":48,"column":18},"end":{"line":48,"column":23}}],"line":48},"1":{"loc":{"start":{"line":49,"column":2},"end":{"line":49,"column":20}},"type":"default-arg","locations":[{"start":{"line":49,"column":15},"end":{"line":49,"column":20}}],"line":49},"2":{"loc":{"start":{"line":57,"column":4},"end":{"line":61,"column":5}},"type":"if","locations":[{"start":{"line":57,"column":4},"end":{"line":61,"column":5}},{"start":{"line":59,"column":11},"end":{"line":61,"column":5}}],"line":57},"3":{"loc":{"start":{"line":72,"column":23},"end":{"line":72,"column":52}},"type":"binary-expr","locations":[{"start":{"line":72,"column":23},"end":{"line":72,"column":34}},{"start":{"line":72,"column":38},"end":{"line":72,"column":52}}],"line":72},"4":{"loc":{"start":{"line":73,"column":24},"end":{"line":73,"column":56}},"type":"binary-expr","locations":[{"start":{"line":73,"column":24},"end":{"line":73,"column":36}},{"start":{"line":73,"column":40},"end":{"line":73,"column":56}}],"line":73},"5":{"loc":{"start":{"line":77,"column":23},"end":{"line":77,"column":97}},"type":"cond-expr","locations":[{"start":{"line":77,"column":41},"end":{"line":77,"column":92}},{"start":{"line":77,"column":95},"end":{"line":77,"column":97}}],"line":77},"6":{"loc":{"start":{"line":77,"column":62},"end":{"line":77,"column":90}},"type":"cond-expr","locations":[{"start":{"line":77,"column":82},"end":{"line":77,"column":85}},{"start":{"line":77,"column":88},"end":{"line":77,"column":90}}],"line":77},"7":{"loc":{"start":{"line":83,"column":4},"end":{"line":83,"column":49}},"type":"cond-expr","locations":[{"start":{"line":83,"column":34},"end":{"line":83,"column":44}},{"start":{"line":83,"column":47},"end":{"line":83,"column":49}}],"line":83},"8":{"loc":{"start":{"line":83,"column":4},"end":{"line":83,"column":31}},"type":"binary-expr","locations":[{"start":{"line":83,"column":4},"end":{"line":83,"column":17}},{"start":{"line":83,"column":21},"end":{"line":83,"column":31}}],"line":83},"9":{"loc":{"start":{"line":92,"column":8},"end":{"line":92,"column":33}},"type":"binary-expr","locations":[{"start":{"line":92,"column":8},"end":{"line":92,"column":15}},{"start":{"line":92,"column":19},"end":{"line":92,"column":33}}],"line":92},"10":{"loc":{"start":{"line":93,"column":8},"end":{"line":93,"column":37}},"type":"binary-expr","locations":[{"start":{"line":93,"column":8},"end":{"line":93,"column":18}},{"start":{"line":93,"column":22},"end":{"line":93,"column":37}}],"line":93},"11":{"loc":{"start":{"line":103,"column":7},"end":{"line":123,"column":7}},"type":"cond-expr","locations":[{"start":{"line":104,"column":8},"end":{"line":113,"column":20}},{"start":{"line":115,"column":8},"end":{"line":122,"column":20}}],"line":103},"12":{"loc":{"start":{"line":105,"column":35},"end":{"line":105,"column":72}},"type":"binary-expr","locations":[{"start":{"line":105,"column":35},"end":{"line":105,"column":45}},{"start":{"line":105,"column":49},"end":{"line":105,"column":72}}],"line":105},"13":{"loc":{"start":{"line":110,"column":11},"end":{"line":112,"column":11}},"type":"binary-expr","locations":[{"start":{"line":110,"column":11},"end":{"line":110,"column":21}},{"start":{"line":111,"column":12},"end":{"line":111,"column":70}}],"line":110},"14":{"loc":{"start":{"line":137,"column":9},"end":{"line":149,"column":9}},"type":"binary-expr","locations":[{"start":{"line":137,"column":9},"end":{"line":137,"column":31}},{"start":{"line":138,"column":10},"end":{"line":148,"column":17}}],"line":137},"15":{"loc":{"start":{"line":144,"column":37},"end":{"line":144,"column":64}},"type":"binary-expr","locations":[{"start":{"line":144,"column":37},"end":{"line":144,"column":46}},{"start":{"line":144,"column":50},"end":{"line":144,"column":64}}],"line":144},"16":{"loc":{"start":{"line":150,"column":9},"end":{"line":152,"column":16}},"type":"cond-expr","locations":[{"start":{"line":151,"column":10},"end":{"line":151,"column":61}},{"start":{"line":152,"column":12},"end":{"line":152,"column":16}}],"line":150}},"s":{"0":0,"1":0,"2":0,"3":0,"4":0,"5":0,"6":0,"7":0,"8":0,"9":0,"10":0,"11":0,"12":0,"13":0,"14":0,"15":0,"16":0,"17":0,"18":0},"f":{"0":0,"1":0,"2":0,"3":0,"4":0,"5":0,"6":0},"b":{"0":[0],"1":[0],"2":[0,0],"3":[0,0],"4":[0,0],"5":[0,0],"6":[0,0],"7":[0,0],"8":[0,0],"9":[0,0],"10":[0,0],"11":[0,0],"12":[0,0],"13":[0,0],"14":[0,0],"15":[0,0],"16":[0,0]}}
,"N:\\VibeDeck\\src\\components\\modals\\BulkTagModal.tsx": {"path":"N:\\VibeDeck\\src\\components\\modals\\BulkTagModal.tsx","statementMap":{"0":{"start":{"line":44,"column":2},"end":{"line":105,"column":4}},"1":{"start":{"line":81,"column":16},"end":{"line":98,"column":28}},"2":{"start":{"line":83,"column":42},"end":{"line":86,"column":19}},"3":{"start":{"line":87,"column":33},"end":{"line":87,"column":52}},"4":{"start":{"line":108,"column":15},"end":{"line":177,"column":2}}},"fnMap":{"0":{"name":"BulkTagModal","decl":{"start":{"line":36,"column":16},"end":{"line":36,"column":28}},"loc":{"start":{"line":43,"column":22},"end":{"line":106,"column":1}},"line":43},"1":{"name":"(anonymous_1)","decl":{"start":{"line":80,"column":24},"end":{"line":80,"column":25}},"loc":{"start":{"line":81,"column":16},"end":{"line":98,"column":28}},"line":81},"2":{"name":"(anonymous_2)","decl":{"start":{"line":83,"column":25},"end":{"line":83,"column":26}},"loc":{"start":{"line":83,"column":42},"end":{"line":86,"column":19}},"line":83},"3":{"name":"(anonymous_3)","decl":{"start":{"line":87,"column":27},"end":{"line":87,"column":28}},"loc":{"start":{"line":87,"column":33},"end":{"line":87,"column":52}},"line":87}},"branchMap":{"0":{"loc":{"start":{"line":57,"column":44},"end":{"line":57,"column":71}},"type":"cond-expr","locations":[{"start":{"line":57,"column":63},"end":{"line":57,"column":66}},{"start":{"line":57,"column":69},"end":{"line":57,"column":71}}],"line":57},"1":{"loc":{"start":{"line":72,"column":11},"end":{"line":101,"column":11}},"type":"cond-expr","locations":[{"start":{"line":73,"column":12},"end":{"line":77,"column":19}},{"start":{"line":79,"column":12},"end":{"line":100,"column":25}}],"line":72},"2":{"loc":{"start":{"line":85,"column":20},"end":{"line":85,"column":51}},"type":"binary-expr","locations":[{"start":{"line":85,"column":20},"end":{"line":85,"column":27}},{"start":{"line":85,"column":31},"end":{"line":85,"column":51}}],"line":85},"3":{"loc":{"start":{"line":94,"column":41},"end":{"line":94,"column":68}},"type":"binary-expr","locations":[{"start":{"line":94,"column":41},"end":{"line":94,"column":50}},{"start":{"line":94,"column":54},"end":{"line":94,"column":68}}],"line":94}},"s":{"0":0,"1":0,"2":0,"3":0,"4":0},"f":{"0":0,"1":0,"2":0,"3":0},"b":{"0":[0,0],"1":[0,0],"2":[0,0],"3":[0,0]}}
,"N:\\VibeDeck\\src\\components\\modals\\DeleteConfirmation.tsx": {"path":"N:\\VibeDeck\\src\\components\\modals\\DeleteConfirmation.tsx","statementMap":{"0":{"start":{"line":22,"column":2},"end":{"line":22,"column":35}},"1":{"start":{"line":54,"column":2},"end":{"line":94,"column":4}},"2":{"start":{"line":68,"column":38},"end":{"line":72,"column":15}},"3":{"start":{"line":80,"column":38},"end":{"line":83,"column":15}},"4":{"start":{"line":97,"column":15},"end":{"line":152,"column":2}}},"fnMap":{"0":{"name":"darkenHex","decl":{"start":{"line":21,"column":9},"end":{"line":21,"column":18}},"loc":{"start":{"line":21,"column":57},"end":{"line":23,"column":1}},"line":21},"1":{"name":"DeleteConfirmation","decl":{"start":{"line":44,"column":16},"end":{"line":44,"column":34}},"loc":{"start":{"line":53,"column":28},"end":{"line":95,"column":1}},"line":53},"2":{"name":"(anonymous_2)","decl":{"start":{"line":68,"column":21},"end":{"line":68,"column":22}},"loc":{"start":{"line":68,"column":38},"end":{"line":72,"column":15}},"line":68},"3":{"name":"(anonymous_3)","decl":{"start":{"line":80,"column":21},"end":{"line":80,"column":22}},"loc":{"start":{"line":80,"column":38},"end":{"line":83,"column":15}},"line":80}},"branchMap":{"0":{"loc":{"start":{"line":48,"column":2},"end":{"line":48,"column":25}},"type":"default-arg","locations":[{"start":{"line":48,"column":17},"end":{"line":48,"column":25}}],"line":48},"1":{"loc":{"start":{"line":49,"column":2},"end":{"line":49,"column":29}},"type":"default-arg","locations":[{"start":{"line":49,"column":17},"end":{"line":49,"column":29}}],"line":49},"2":{"loc":{"start":{"line":71,"column":16},"end":{"line":71,"column":47}},"type":"binary-expr","locations":[{"start":{"line":71,"column":16},"end":{"line":71,"column":23}},{"start":{"line":71,"column":27},"end":{"line":71,"column":47}}],"line":71},"3":{"loc":{"start":{"line":82,"column":35},"end":{"line":82,"column":87}},"type":"cond-expr","locations":[{"start":{"line":82,"column":45},"end":{"line":82,"column":72}},{"start":{"line":82,"column":75},"end":{"line":82,"column":87}}],"line":82}},"s":{"0":0,"1":0,"2":0,"3":0,"4":0},"f":{"0":0,"1":0,"2":0,"3":0},"b":{"0":[0],"1":[0],"2":[0,0],"3":[0,0]}}
,"N:\\VibeDeck\\src\\components\\modals\\TagChipPicker.tsx": {"path":"N:\\VibeDeck\\src\\components\\modals\\TagChipPicker.tsx","statementMap":{"0":{"start":{"line":30,"column":2},"end":{"line":36,"column":3}},"1":{"start":{"line":31,"column":4},"end":{"line":35,"column":6}},"2":{"start":{"line":38,"column":2},"end":{"line":74,"column":4}},"3":{"start":{"line":41,"column":27},"end":{"line":41,"column":53}},"4":{"start":{"line":42,"column":25},"end":{"line":42,"column":52}},"5":{"start":{"line":43,"column":26},"end":{"line":45,"column":32}},"6":{"start":{"line":47,"column":8},"end":{"line":71,"column":10}},"7":{"start":{"line":50,"column":36},"end":{"line":56,"column":13}},"8":{"start":{"line":57,"column":27},"end":{"line":57,"column":43}},"9":{"start":{"line":77,"column":15},"end":{"line":116,"column":2}}},"fnMap":{"0":{"name":"TagChipPicker","decl":{"start":{"line":24,"column":16},"end":{"line":24,"column":29}},"loc":{"start":{"line":29,"column":23},"end":{"line":75,"column":1}},"line":29},"1":{"name":"(anonymous_1)","decl":{"start":{"line":40,"column":19},"end":{"line":40,"column":20}},"loc":{"start":{"line":40,"column":28},"end":{"line":72,"column":7}},"line":40},"2":{"name":"(anonymous_2)","decl":{"start":{"line":50,"column":19},"end":{"line":50,"column":20}},"loc":{"start":{"line":50,"column":36},"end":{"line":56,"column":13}},"line":50},"3":{"name":"(anonymous_3)","decl":{"start":{"line":57,"column":21},"end":{"line":57,"column":22}},"loc":{"start":{"line":57,"column":27},"end":{"line":57,"column":43}},"line":57}},"branchMap":{"0":{"loc":{"start":{"line":30,"column":2},"end":{"line":36,"column":3}},"type":"if","locations":[{"start":{"line":30,"column":2},"end":{"line":36,"column":3}},{"start":{},"end":{}}],"line":30},"1":{"loc":{"start":{"line":42,"column":25},"end":{"line":42,"column":52}},"type":"binary-expr","locations":[{"start":{"line":42,"column":25},"end":{"line":42,"column":34}},{"start":{"line":42,"column":38},"end":{"line":42,"column":52}}],"line":42},"2":{"loc":{"start":{"line":43,"column":26},"end":{"line":45,"column":32}},"type":"cond-expr","locations":[{"start":{"line":44,"column":12},"end":{"line":44,"column":40}},{"start":{"line":45,"column":12},"end":{"line":45,"column":32}}],"line":43},"3":{"loc":{"start":{"line":52,"column":14},"end":{"line":54,"column":39}},"type":"cond-expr","locations":[{"start":{"line":53,"column":18},"end":{"line":53,"column":47}},{"start":{"line":54,"column":18},"end":{"line":54,"column":39}}],"line":52},"4":{"loc":{"start":{"line":55,"column":14},"end":{"line":55,"column":43}},"type":"binary-expr","locations":[{"start":{"line":55,"column":14},"end":{"line":55,"column":21}},{"start":{"line":55,"column":25},"end":{"line":55,"column":43}}],"line":55},"5":{"loc":{"start":{"line":62,"column":13},"end":{"line":66,"column":13}},"type":"binary-expr","locations":[{"start":{"line":62,"column":13},"end":{"line":62,"column":24}},{"start":{"line":63,"column":14},"end":{"line":65,"column":16}}],"line":62}},"s":{"0":0,"1":0,"2":0,"3":0,"4":0,"5":0,"6":0,"7":0,"8":0,"9":0},"f":{"0":0,"1":0,"2":0,"3":0},"b":{"0":[
[...]
:{"line":158,"column":24},"end":{"line":158,"column":52}},"line":158},"11":{"name":"(anonymous_11)","decl":{"start":{"line":162,"column":13},"end":{"line":162,"column":14}},"loc":{"start":{"line":162,"column":27},"end":{"line":169,"column":3}},"line":162},"12":{"name":"(anonymous_12)","decl":{"start":{"line":166,"column":8},"end":{"line":166,"column":9}},"loc":{"start":{"line":166,"column":20},"end":{"line":168,"column":5}},"line":166},"13":{"name":"(anonymous_13)","decl":{"start":{"line":167,"column":30},"end":{"line":167,"column":31}},"loc":{"start":{"line":167,"column":37},"end":{"line":167,"column":48}},"line":167},"14":{"name":"(anonymous_14)","decl":{"start":{"line":171,"column":17},"end":{"line":171,"column":18}},"loc":{"start":{"line":171,"column":43},"end":{"line":184,"column":3}},"line":171},"15":{"name":"(anonymous_15)","decl":{"start":{"line":173,"column":8},"end":{"line":173,"column":9}},"loc":{"start":{"line":173,"column":20},"end":{"line":175,"column":5}},"line":173},"16":{"name":"(anonymous_16)","decl":{"start":{"line":186,"column":22},"end":{"line":186,"column":23}},"loc":{"start":{"line":186,"column":48},"end":{"line":199,"column":3}},"line":186},"17":{"name":"(anonymous_17)","decl":{"start":{"line":188,"column":8},"end":{"line":188,"column":9}},"loc":{"start":{"line":188,"column":20},"end":{"line":190,"column":5}},"line":188},"18":{"name":"(anonymous_18)","decl":{"start":{"line":201,"column":19},"end":{"line":201,"column":20}},"loc":{"start":{"line":201,"column":46},"end":{"line":230,"column":3}},"line":201},"19":{"name":"(anonymous_19)","decl":{"start":{"line":204,"column":52},"end":{"line":204,"column":53}},"loc":{"start":{"line":204,"column":59},"end":{"line":204,"column":63}},"line":204},"20":{"name":"(anonymous_20)","decl":{"start":{"line":208,"column":38},"end":{"line":208,"column":39}},"loc":{"start":{"line":208,"column":46},"end":{"line":208,"column":69}},"line":208},"21":{"name":"(anonymous_21)","decl":{"start":{"line":209,"column":53},"end":{"line":209,"column":54}},"loc":{"start":{"line":209,"column":61},"end":{"line":209,"column":79}},"line":209},"22":{"name":"(anonymous_22)","decl":{"start":{"line":212,"column":8},"end":{"line":212,"column":9}},"loc":{"start":{"line":212,"column":19},"end":{"line":221,"column":5}},"line":212},"23":{"name":"(anonymous_23)","decl":{"start":{"line":232,"column":19},"end":{"line":232,"column":20}},"loc":{"start":{"line":232,"column":38},"end":{"line":234,"column":3}},"line":232},"24":{"name":"(anonymous_24)","decl":{"start":{"line":236,"column":19},"end":{"line":236,"column":20}},"loc":{"start":{"line":236,"column":36},"end":{"line":238,"column":3}},"line":236},"25":{"name":"(anonymous_25)","decl":{"start":{"line":240,"column":27},"end":{"line":240,"column":28}},"loc":{"start":{"line":240,"column":44},"end":{"line":242,"column":3}},"line":240},"26":{"name":"(anonymous_26)","decl":{"start":{"line":244,"column":21},"end":{"line":244,"column":22}},"loc":{"start":{"line":244,"column":38},"end":{"line":248,"column":3}},"line":244},"27":{"name":"(anonymous_27)","decl":{"start":{"line":250,"column":14},"end":{"line":250,"column":15}},"loc":{"start":{"line":250,"column":22},"end":{"line":252,"column":3}},"line":250},"28":{"name":"(anonymous_28)","decl":{"start":{"line":251,"column":27},"end":{"line":251,"column":28}},"loc":{"start":{"line":251,"column":34},"end":{"line":251,"column":45}},"line":251},"29":{"name":"(anonymous_29)","decl":{"start":{"line":254,"column":18},"end":{"line":254,"column":19}},"loc":{"start":{"line":254,"column":45},"end":{"line":261,"column":3}},"line":254}},"branchMap":{"0":{"loc":{"start":{"line":25,"column":4},"end":{"line":31,"column":11}},"type":"cond-expr","locations":[{"start":{"line":26,"column":8},"end":{"line":30,"column":9}},{"start":{"line":31,"column":8},"end":{"line":31,"column":11}}],"line":25},"1":{"loc":{"start":{"line":111,"column":23},"end":{"line":111,"column":35}},"type":"default-arg","locations":[{"start":{"line":111,"column":31},"end":{"line":111,"column":35}}],"line":111},"2":{"loc":{"start":{"line":114,"column":4},"end":{"line":116,"column":5}},"type":"if","locations":[{"start":{"line":114,"column":4},"end":{"line":116,"column":5}},{"start":{},"end":{}}],"line":114},"3":{"loc":{"start":{"line":145,"column":4},"end":{"line":151,"column":5}},"type":"if","locations":[{"start":{"line":145,"column":4},"end":{"line":151,"column":5}},{"start":{},"end":{}}],"line":145},"4":{"loc":{"start":{"line":147,"column":6},"end":{"line":149,"column":7}},"type":"if","locations":[{"start":{"line":147,"column":6},"end":{"line":149,"column":7}},{"start":{},"end":{}}],"line":147},"5":{"loc":{"start":{"line":157,"column":21},"end":{"line":157,"column":75}},"type":"cond-expr","locations":[{"start":{"line":157,"column":35},"end":{"line":157,"column":71}},{"start":{"line":157,"column":74},"end":{"line":157,"column":75}}],"line":157}},"s":{"0":0,"1":0,"2":0,"3":0,"4":0,"5":0,"6":0,"7":0,"8":0,"9":0,"10":0,"11":0,"12":0,"13":0,"14":0,"15":0,"16":0,"17":0,"18":0,"19":0,"20":0,"21":0,"22":0,"23":0,"24":0,"25":0,"26":0,"27":0,"28":0,"29":0,"30":0,"31":0,"32":0,"33":0,"34":0,"35":0,"36":0,"37":0,"38":0,"39":0,"40":0,"41":0,"42":0,"43":0,"44":0,"45":0,"46":0,"47":0,"48":0,"49":0,"50":0,"51":0,"52":0,"53":0,"54":0,"55":0,"56":0,"57":0,"58":0,"59":0,"60":0,"61":0,"62":0,"63":0,"64":0,"65":0,"66":0,"67":0,"68":0,"69":0,"70":0,"71":0,"72":0,"73":0,"74":0,"75":0,"76":0,"77":0},"f":{"0":0,"1":0,"2":0,"3":0,"4":0,"5":0,"6":0,"7":0,"8":0,"9":0,"10":0,"11":0,"12":0,"13":0,"14":0,"15":0,"16":0,"17":0,"18":0,"19":0,"20":0,"21":0,"22":0,"23":0,"24":0,"25":0,"26":0,"27":0,"28":0,"29":0},"b":{"0":[0,0],"1":[0],"2":[0,0],"3":[0,0],"4":[0,0],"5":[0,0]}}
,"N:\\VibeDeck\\src\\stores\\useTrackStore.ts": {"path":"N:\\VibeDeck\\src\\stores\\useTrackStore.ts","statementMap":{"0":{"start":{"line":48,"column":29},"end":{"line":134,"column":3}},"1":{"start":{"line":48,"column":63},"end":{"line":134,"column":1}},"2":{"start":{"line":53,"column":4},"end":{"line":53,"column":29}},"3":{"start":{"line":54,"column":4},"end":{"line":59,"column":5}},"4":{"start":{"line":55,"column":21},"end":{"line":55,"column":54}},"5":{"start":{"line":56,"column":6},"end":{"line":56,"column":22}},"6":{"start":{"line":58,"column":6},"end":{"line":58,"column":32}},"7":{"start":{"line":63,"column":16},"end":{"line":63,"column":40}},"8":{"start":{"line":64,"column":25},"end":{"line":70,"column":5}},"9":{"start":{"line":72,"column":4},"end":{"line":72,"column":42}},"10":{"start":{"line":73,"column":4},"end":{"line":73,"column":59}},"11":{"start":{"line":73,"column":20},"end":{"line":73,"column":56}},"12":{"start":{"line":74,"column":4},"end":{"line":74,"column":17}},"13":{"start":{"line":78,"column":16},"end":{"line":78,"column":40}},"14":{"start":{"line":79,"column":4},"end":{"line":79,"column":71}},"15":{"start":{"line":80,"column":4},"end":{"line":84,"column":8}},"16":{"start":{"line":80,"column":20},"end":{"line":84,"column":5}},"17":{"start":{"line":82,"column":8},"end":{"line":82,"column":62}},"18":{"start":{"line":89,"column":18},"end":{"line":89,"column":55}},"19":{"start":{"line":89,"column":43},"end":{"line":89,"column":54}},"20":{"start":{"line":91,"column":4},"end":{"line":91,"column":39}},"21":{"start":{"line":92,"column":4},"end":{"line":94,"column":8}},"22":{"start":{"line":92,"column":20},"end":{"line":94,"column":5}},"23":{"start":{"line":93,"column":41},"end":{"line":93,"column":52}},"24":{"start":{"line":97,"column":4},"end":{"line":103,"column":5}},"25":{"start":{"line":98,"column":6},"end":{"line":102,"column":7}},"26":{"start":{"line":99,"column":8},"end":{"line":99,"column":59}},"27":{"start":{"line":107,"column":28},"end":{"line":107,"column":57}},"28":{"start":{"line":108,"column":31},"end":{"line":108,"column":63}},"29":{"start":{"line":109,"column":4},"end":{"line":109,"column":38}},"30":{"start":{"line":110,"column":4},"end":{"line":110,"column":44}},"31":{"start":{"line":114,"column":4},"end":{"line":114,"column":43}},"32":{"start":{"line":115,"column":16},"end":{"line":115,"column":40}},"33":{"start":{"line":116,"column":4},"end":{"line":120,"column":8}},"34":{"start":{"line":116,"column":20},"end":{"line":120,"column":5}},"35":{"start":{"line":118,"column":8},"end":{"line":118,"column":64}},"36":{"start":{"line":124,"column":4},"end":{"line":124,"column":45}},"37":{"start":{"line":125,"column":16},"end":{"line":125,"column":40}},"38":{"start":{"line":126,"column":4},"end":{"line":128,"column":8}},"39":{"start":{"line":126,"column":20},"end":{"line":128,"column":5}},"40":{"start":{"line":127,"column":39},"end":{"line":127,"column":78}},"41":{"start":{"line":132,"column":4},"end":{"line":132,"column":49}},"42":{"start":{"line":132,"column":36},"end":{"line":132,"column":47}}},"fnMap":{"0":{"name":"(anonymous_0)","decl":{"start":{"line":48,"column":48},"end":{"line":48,"column":49}},"loc":{"start":{"line":48,"column":63},"end":{"line":134,"column":1}},"line":48},"1":{"name":"(anonymous_1)","decl":{"start":{"line":52,"column":14},"end":{"line":52,"column":15}},"loc":{"start":{"line":52,"column":26},"end":{"line":60,"column":3}},"line":52},"2":{"name":"(anonymous_2)","decl":{"start":{"line":62,"column":12},"end":{"line":62,"column":13}},"loc":{"start":{"line":62,"column":33},"end":{"line":75,"column":3}},"line":62},"3":{"name":"(anonymous_3)","decl":{"start":{"line":73,"column":8},"end":{"line":73,"column":9}},"loc":{"start":{"line":73,"column":20},"end":{"line":73,"column":56}},"line":73},"4":{"name":"(anonymous_4)","decl":{"start":{"line":77,"column":15},"end":{"line":77,"column":16}},"loc":{"start":{"line":77,"column":38},"end":{"line":85,"column":3}},"line":77},"5":{"name":"(anonymous_5)","decl":{"start":{"line":80,"column":8},"end":{"line":80,"column":9}},"loc":{"start":{"line":80,"column":20},"end":{"line":84,"column":5}},"line":80},"6":{"name":"(anonymous_6)","decl":{"start":{"line":81,"column":31},"end":{"line":81,"column":32}},"loc":{"start":{"line":82,"column":8},"end":{"line":82,"column":62}},"line":82},"7":{"name":"(anonymous_7)","decl":{"start":{"line":87,"column":15},"end":{"line":87,"column":16}},"loc":{"start":{"line":87,"column":29},"end":{"line":111,"column":3}},"line":87},"8":{"name":"(anonymous_8)","decl":{"start":{"line":89,"column":36},"end":{"line":89,"column":37}},"loc":{"start":{"line":89,"column":43},"end":{"line":89,"column":54}},"line":89},"9":{"name":"(anonymous_9)","decl":{"start":{"line":92,"column":8},"end":{"line":92,"column":9}},"loc":{"start":{"line":92,"column":20},"end":{"line":94,"column":5}},"line":92},"10":{"name":"(anonymous_10)","decl":{"start":{"line":93,"column":34},"end":{"line":93,"column":35}},"loc":{"start":{"line":93,"column":41},"end":{"line":93,"column":52}},"line":93},"11":{"name":"(anonymous_11)","decl":{"start":{"line":113,"column":14},"end":{"line":113,"column":15}},"loc":{"start":{"line":113,"column":28},"end":{"line":121,"column":3}},"line":113},"12":{"name":"(anonymous_12)","decl":{"start":{"line":116,"column":8},"end":{"line":116,"column":9}},"loc":{"start":{"line":116,"column":20},"end":{"line":120,"column":5}},"line":116},"13":{"name":"(anonymous_13)","decl":{"start":{"line":117,"column":31},"end":{"line":117,"column":32}},"loc":{"start":{"line":118,"column":8},"end":{"line":118,"column":64}},"line":118},"14":{"name":"(anonymous_14)","decl":{"start":{"line":123,"column":18},"end":{"line":123,"column":19}},"loc":{"start":{"line":123,"column":30},"end":{"line":129,"column":3}},"line":123},"15":{"name":"(anonymous_15)","decl":{"start":{"line":126,"column":8},"end":{"line":126,"column":9}},"loc":{"start":{"line":126,"column":20},"end":{"line":128,"column":5}},"line":126},"16":{"name":"(anonymous_16)","decl":{"start":{"line":127,"column":31},"end":{"line":127,"column":32}},"loc":{"start":{"line":127,"column":39},"end":{"line":127,"column":78}},"line":127},"17":{"name":"(anonymous_17)","decl":{"start":{"line":131,"column":16},"end":{"line":131,"column":17}},"loc":{"start":{"line":131,"column":24},"end":{"line":133,"column":3}},"line":131},"18":{"name":"(anonymous_18)","decl":{"start":{"line":132,"column":29},"end":{"line":132,"column":30}},"loc":{"start":{"line":132,"column":36},"end":{"line":132,"column":47}},"line":132}},"branchMap":{"0":{"loc":{"start":{"line":82,"column":8},"end":{"line":82,"column":62}},"type":"cond-expr","locations":[{"start":{"line":82,"column":22},"end":{"line":82,"column":58}},{"start":{"line":82,"column":61},"end":{"line":82,"column":62}}],"line":82},"1":{"loc":{"start":{"line":97,"column":4},"end":{"line":103,"column":5}},"type":"if","locations":[{"start":{"line":97,"column":4},"end":{"line":103,"column":5}},{"start":{},"end":{}}],"line":97},"2":{"loc":{"start":{"line":118,"column":8},"end":{"line":118,"column":64}},"type":"cond-expr","locations":[{"start":{"line":118,"column":22},"end":{"line":118,"column":60}},{"start":{"line":118,"column":63},"end":{"line":118,"column":64}}],"line":118}},"s":{"0":0,"1":0,"2":0,"3":0,"4":0,"5":0,"6":0,"7":0,"8":0,"9":0,"10":0,"11":0,"12":0,"13":0,"14":0,"15":0,"16":0,"17":0,"18":0,"19":0,"20":0,"21":0,"22":0,"23":0,"24":0,"25":0,"26":0,"27":0,"28":0,"29":0,"30":0,"31":0,"32":0,"33":0,"34":0,"35":0,"36":0,"37":0,"38":0,"39":0,"40":0,"41":0,"42":0},"f":{"0":0,"1":0,"2":0,"3":0,"4":0,"5":0,"6":0,"7":0,"8":0,"9":0,"10":0,"11":0,"12":0,"13":0,"14":0,"15":0,"16":0,"17":0,"18":0},"b":{"0":[0,0],"1":[0,0],"2":[0,0]}}
,"N:\\VibeDeck\\src\\types\\navigation.ts": {"path":"N:\\VibeDeck\\src\\types\\navigation.ts","statementMap":{},"fnMap":{},"branchMap":{},"s":{},"f":{},"b":{}}
,"N:\\VibeDeck\\src\\utils\\time.ts": {"path":"N:\\VibeDeck\\src\\utils\\time.ts","statementMap":{"0":{"start":{"line":10,"column":2},"end":{"line":10,"column":44}},"1":{"start":{"line":10,"column":30},"end":{"line":10,"column":44}},"2":{"start":{"line":12,"column":23},"end":{"line":12,"column":44}},"3":{"start":{"line":13,"column":16},"end":{"line":13,"column":47}},"4":{"start":{"line":14,"column":18},"end":{"line":14,"column":56}},"5":{"start":{"line":15,"column":18},"end":{"line":15,"column":35}},"6":{"start":{"line":17,"column":2},"end":{"line":19,"column":3}},"7":{"start":{"line":18,"column":4},"end":{"line":18,"column":100}},"8":{"start":{"line":20,"column":2},"end":{"line":20,"column":61}},"9":{"start":{"line":27,"column":2},"end":{"line":27,"column":34}}},"fnMap":{"0":{"name":"formatDuration","decl":{"start":{"line":9,"column":16},"end":{"line":9,"column":30}},"loc":{"start":{"line":9,"column":58},"end":{"line":21,"column":1}},"line":9},"1":{"name":"nowISO","decl":{"start":{"line":26,"column":16},"end":{"line":26,"column":22}},"loc":{"start":{"line":26,"column":33},"end":{"line":28,"column":1}},"line":26}},"branchMap":{"0":{"loc":{"start":{"line":10,"column":2},"end":{"line":10,"column":44}},"type":"if","locations":[{"start":{"line":10,"column":2},"end":{"line":10,"column":44}},{"start":{},"end":{}}],"line":10},"1":{"loc":{"start":{"line":10,"column":6},"end":{"line":10,"column":28}},"type":"binary-expr","locations":[{"start":{"line":10,"column":6},"end":{"line":10,"column":17}},{"start":{"line":10,"column":21},"end":{"line":10,"column":28}}],"line":10},"2":{"loc":{"start":{"line":17,"column":2},"end":{"line":19,"column":3}},"type":"if","locations":[{"start":{"line":17,"column":2},"end":{"line":19,"column":3}},{"start":{},"end":{}}],"line":17}},"s":{"0":0,"1":0,"2":0,"3":0,"4":0,"5":0,"6":0,"7":0,"8":0,"9":0},"f":{"0":0,"1":0},"b":{"0":[0,0],"1":[0,0],"2":[0,0]}}
,"N:\\VibeDeck\\src\\utils\\uuid.ts": {"path":"N:\\VibeDeck\\src\\utils\\uuid.ts","statementMap":{"0":{"start":{"line":13,"column":2},"end":{"line":13,"column":29}}},"fnMap":{"0":{"name":"generateUUID","decl":{"start":{"line":12,"column":16},"end":{"line":12,"column":28}},"loc":{"start":{"line":12,"column":39},"end":{"line":14,"column":1}},"line":12}},"branchMap":{},"s":{"0":0},"f":{"0":0},"b":{}}
,"N:\\VibeDeck\\src\\utils\\validation.ts": {"path":"N:\\VibeDeck\\src\\utils\\validation.ts","statementMap":{"0":{"start":{"line":7,"column":35},"end":{"line":7,"column":38}},"1":{"start":{"line":10,"column":38},"end":{"line":10,"column":41}},"2":{"start":{"line":13,"column":35},"end":{"line":13,"column":38}},"3":{"start":{"line":26,"column":18},"end":{"line":26,"column":29}},"4":{"start":{"line":28,"column":2},"end":{"line":30,"column":3}},"5":{"start":{"line":29,"column":4},"end":{"line":29,"column":65}},"6":{"start":{"line":32,"column":2},"end":{"line":34,"column":3}},"7":{"start":{"line":33,"column":4},"end":{"line":33,"column":99}},"8":{"start":{"line":36,"column":2},"end":{"line":36,"column":27}},"9":{"start":{"line":45,"column":18},"end":{"line":45,"column":29}},"10":{"start":{"line":47,"column":2},"end":{"line":49,"column":3}},"11":{"start":{"line":48,"column":4},"end":{"line":48,"column":68}},"12":{"start":{"line":51,"column":2},"end":{"line":53,"column":3}},"13":{"start":{"line":52,"column":4},"end":{"line":52,"column":105}},"14":{"start":{"line":55,"column":2},"end":{"line":55,"column":27}},"15":{"start":{"line":65,"column":2},"end":{"line":67,"column":3}},"16":{"start":{"line":66,"column":4},"end":{"line":66,"column":16}},"17":{"start":{"line":69,"column":18},"end":{"line":69,"column":30}},"18":{"start":{"line":70,"column":2},"end":{"line":72,"column":3}},"19":{"start":{"line":71,"column":4},"end":{"line":71,"column":16}},"20":{"start":{"line":74,"column":2},"end":{"line":76,"column":3}},"21":{"start":{"line":75,"column":4},"end":{"line":75,"column":49}},"22":{"start":{"line":78,"column":2},"end":{"line":78,"column":17}}},"fnMap":{"0":{"name":"validateTagName","decl":{"start":{"line":25,"column":16},"end":{"line":25,"column":31}},"loc":{"start":{"line":25,"column":64},"end":{"line":37,"column":1}},"line":25},"1":{"name":"validateButtonName","decl":{"start":{"line":44,"column":16},"end":{"line":44,"column":34}},"loc":{"start":{"line":44,"column":67},"end":{"line":56,"column":1}},"line":44},"2":{"name":"sanitizeMetadata","decl":{"start":{"line":64,"column":16},"end":{"line":64,"column":32}},"loc":{"start":{"line":64,"column":82},"end":{"line":79,"column":1}},"line":64}},"branchMap":{"0":{"loc":{"start":{"line":28,"column":2},"end":{"line":30,"column":3}},"type":"if","locations":[{"start":{"line":28,"column":2},"end":{"line":30,"column":3}},{"start":{},"end":{}}],"line":28},"1":{"loc":{"start":{"line":32,"column":2},"end":{"line":34,"column":3}},"type":"if","locations":[{"start":{"line":32,"column":2},"end":{"line":34,"column":3}},{"start":{},"end":{}}],"line":32},"2":{"loc":{"start":{"line":47,"column":2},"end":{"line":49,"column":3}},"type":"if","locations":[{"start":{"line":47,"column":2},"end":{"line":49,"column":3}},{"start":{},"end":{}}],"line":47},"3":{"loc":{"start":{"line":51,"column":2},"end":{"line":53,"column":3}},"type":"if","locations":[{"start":{"line":51,"column":2},"end":{"line":53,"column":3}},{"start":{},"end":{}}],"line":51},"4":{"loc":{"start":{"line":65,"column":2},"end":{"line":67,"column":3}},"type":"if","locations":[{"start":{"line":65,"column":2},"end":{"line":67,"column":3}},{"start":{},"end":{}}],"line":65},"5":{"loc":{"start":{"line":65,"column":6},"end":{"line":65,"column":43}},"type":"binary-expr","locations":[{"start":{"line":65,"column":6},"end":{"line":65,"column":20}},{"start":{"line":65,"column":24},"end":{"line":65,"column":43}}],"line":65},"6":{"loc":{"start":{"line":70,"column":2},"end":{"line":72,"column":3}},"type":"if","locations":[{"start":{"line":70,"column":2},"end":{"line":72,"column":3}},{"start":{},"end":{}}],"line":70},"7":{"loc":{"start":{"line":74,"column":2},"end":{"line":76,"column":3}},"type":"if","locations":[{"start":{"line":74,"column":2},"end":{"line":76,"column":3}},{"start":{},"end":{}}],"line":74}},"s":{"0":0,"1":0,"2":0,"3":0,"4":0,"5":0,"6":0,"7":0,"8":0,"9":0,"10":0,"11":0,"12":0,"13":0,"14":0,"15":0,"16":0,"17":0,"18":0,"19":0,"20":0,"21":0,"22":0},"f":{"0":0,"1":0,"2":0},"b":{"0":[0,0],"1":[0,0],"2":[0,0],"3":[0,0],"4":[0,0],"5":[0,0],"6":[0,0],"7":[0,0]}}
}
