TN:
SF:src\components\AboutScreen.tsx
FN:28,AboutScreen
FN:44,(anonymous_1)
FNF:2
FNH:0
FNDA:0,AboutScreen
FNDA:0,(anonymous_1)
DA:29,0
DA:31,0
DA:44,0
DA:130,0
LF:4
LH:0
BRDA:46,0,0,0
BRDA:46,0,1,0
BRF:2
BRH:0
end_of_record
TN:
SF:src\components\BoardButton.tsx
FN:39,BoardButton
FN:69,(anonymous_1)
FN:78,(anonymous_2)
FN:86,(anonymous_3)
FN:91,(anonymous_4)
FN:112,(anonymous_5)
FN:145,(anonymous_6)
FNF:7
FNH:0
FNDA:0,BoardButton
FNDA:0,(anonymous_1)
FNDA:0,(anonymous_2)
FNDA:0,(anonymous_3)
FNDA:0,(anonymous_4)
FNDA:0,(anonymous_5)
FNDA:0,(anonymous_6)
DA:46,0
DA:47,0
DA:48,0
DA:49,0
DA:50,0
DA:53,0
DA:59,0
DA:67,0
DA:69,0
DA:70,0
DA:71,0
DA:78,0
DA:79,0
DA:86,0
DA:87,0
DA:88,0
DA:91,0
DA:94,0
DA:95,0
DA:99,0
DA:101,0
DA:102,0
DA:105,0
DA:106,0
DA:107,0
DA:108,0
DA:112,0
DA:113,0
DA:114,0
DA:124,0
DA:128,0
DA:134,0
DA:136,0
DA:145,0
DA:238,0
LF:35
LH:0
BRDA:41,0,0,0
BRDA:47,1,0,0
BRDA:47,1,1,0
BRDA:49,2,0,0
BRDA:49,2,1,0
BRDA:49,2,2,0
BRDA:49,2,3,0
BRDA:53,3,0,0
BRDA:53,3,1,0
BRDA:55,4,0,0
BRDA:55,4,1,0
BRDA:59,5,0,0
BRDA:59,5,1,0
BRDA:61,6,0,0
BRDA:61,6,1,0
BRDA:67,7,0,0
BRDA:67,7,1,0
BRDA:67,7,2,0
BRDA:67,7,3,0
BRDA:70,8,0,0
BRDA:70,8,1,0
BRDA:87,9,0,0
BRDA:87,9,1,0
BRDA:94,10,0,0
BRDA:94,10,1,0
BRDA:94,11,0,0
BRDA:94,11,1,0
BRDA:101,12,0,0
BRDA:101,12,1,0
BRDA:105,13,0,0
BRDA:105,13,1,0
BRDA:107,14,0,0
BRDA:107,14,1,0
BRDA:107,15,0,0
BRDA:107,15,1,0
BRDA:113,16,0,0
BRDA:113,16,1,0
BRDA:114,17,0,0
BRDA:114,17,1,0
BRDA:116,18,0,0
BRDA:116,18,1,0
BRDA:118,19,0,0
BRDA:118,19,1,0
BRDA:120,20,0,0
BRDA:120,20,1,0
BRDA:124,21,0,0
BRDA:124,21,1,0
BRDA:124,22,0,0
BRDA:124,22,1,0
BRDA:124,22,2,0
BRDA:141,23,0,0
BRDA:141,23,1,0
BRDA:148,24,0,0
BRDA:148,24,1,0
BRDA:148,25,0,0
BRDA:148,25,1,0
BRDA:152,26,0,0
BRDA:152,26,1,0
BRDA:152,26,2,0
BRDA:152,26,3,0
BRDA:168,27,0,0
BRDA:168,27,1,0
BRDA:180,28,0,0
BRDA:180,28,1,0
BRDA:180,28,2,0
BRDA:180,28,3,0
BRDA:185,29,0,0
BRDA:185,29,1,0
BRDA:197,30,0,0
BRDA:197,30,1,0
BRDA:197,30,2,0
BRDA:208,31,0,0
BRDA:208,31,1,0
BRDA:228,32,0,0
BRDA:228,32,1,0
BRDA:228,32,2,0
BRDA:229,33,0,0
BRDA:229,33,1,0
BRF:78
BRH:0
end_of_record
TN:
SF:src\components\BoardHeader.tsx
FN:20,BoardHeader
FN:26,(anonymous_1)
FN:37,(anonymous_2)
FNF:3
FNH:0
FNDA:0,BoardHeader
FNDA:0,(anonymous_1)
FNDA:0,(anonymous_2)
DA:21,0
DA:26,0
DA:37,0
DA:52,0
LF:4
LH:0
BRDA:28,0,0,0
BRDA:28,0,1,0
BRDA:39,1,0,0
BRDA:39,1,1,0
BRF:4
BRH:0
end_of_record
TN:
SF:src\components\ButtonBoard.tsx
FN:41,getColumnCount
FN:51,ButtonBoard
FN:63,(anonymous_2)
FN:67,(anonymous_3)
FN:70,(anonymous_4)
FN:79,(anonymous_5)
FN:96,(anonymous_6)
FN:98,(anonymous_7)
FN:126,(anonymous_8)
FNF:9
FNH:0
FNDA:0,getColumnCount
FNDA:0,ButtonBoard
FNDA:0,(anonymous_2)
FNDA:0,(anonymous_3)
FNDA:0,(anonymous_4)
FNDA:0,(anonymous_5)
FNDA:0,(anonymous_6)
FNDA:0,(anonymous_7)
FNDA:0,(anonymous_8)
DA:42,0
DA:43,0
DA:45,0
DA:46,0
DA:48,0
DA:60,0
DA:61,0
DA:63,0
DA:64,0
DA:67,0
DA:70,0
DA:71,0
DA:72,0
DA:73,0
DA:75,0
DA:78,0
DA:80,0
DA:81,0
DA:82,0
DA:83,0
DA:88,0
DA:97,0
DA:99,0
DA:101,0
DA:110,0
DA:127,0
DA:138,0
LF:27
LH:0
BRDA:42,0,0,0
BRDA:42,0,1,0
BRDA:45,1,0,0
BRDA:45,1,1,0
BRDA:80,2,0,0
BRDA:80,2,1,0
BRDA:81,3,0,0
BRDA:81,3,1,0
BRDA:82,4,0,0
BRDA:82,4,1,0
BRDA:82,5,0,0
BRDA:82,5,1,0
BRDA:99,6,0,0
BRDA:99,6,1,0
BRDA:112,7,0,0
BRDA:112,7,1,0
BRDA:125,8,0,0
BRDA:125,8,1,0
BRDA:133,9,0,0
BRDA:133,9,1,0
BRF:20
BRH:0
end_of_record
TN:
SF:src\components\ButtonContextMenu.tsx
FN:39,ButtonContextMenu
FN:49,(anonymous_1)
FN:61,(anonymous_2)
FN:66,(anonymous_3)
FN:71,(anonymous_4)
FN:78,(anonymous_5)
FN:116,(anonymous_6)
FN:134,(anonymous_7)
FNF:8
FNH:0
FNDA:0,ButtonContextMenu
FNDA:0,(anonymous_1)
FNDA:0,(anonymous_2)
FNDA:0,(anonymous_3)
FNDA:0,(anonymous_4)
FNDA:0,(anonymous_5)
FNDA:0,(anonymous_6)
FNDA:0,(anonymous_7)
DA:36,0
DA:37,0
DA:46,0
DA:47,0
DA:49,0
DA:50,0
DA:51,0
DA:57,0
DA:61,0
DA:62,0
DA:67,0
DA:71,0
DA:72,0
DA:73,0
DA:75,0
DA:78,0
DA:79,0
DA:80,0
DA:85,0
DA:87,0
DA:89,0
DA:116,0
DA:134,0
DA:148,0
LF:24
LH:0
BRDA:50,0,0,0
BRDA:50,0,1,0
BRDA:72,1,0,0
BRDA:72,1,1,0
BRDA:79,2,0,0
BRDA:79,2,1,0
BRDA:85,3,0,0
BRDA:85,3,1,0
BRDA:116,4,0,0
BRDA:116,4,1,0
BRDA:119,5,0,0
BRDA:119,5,1,0
BRDA:125,6,0,0
BRDA:125,6,1,0
BRDA:128,7,0,0
BRDA:128,7,1,0
BRDA:134,8,0,0
BRDA:134,8,1,0
BRF:18
BRH:0
end_of_record
TN:
SF:src\components\CountBadge.tsx
FN:19,CountBadge
FN:23,(anonymous_1)
FN:42,(anonymous_2)
FNF:3
FNH:3
FNDA:11,CountBadge
FNDA:11,(anonymous_1)
FNDA:11,(anonymous_2)
DA:20,11
DA:21,11
DA:23,11
DA:25,11
DA:26,1
DA:38,1
DA:42,11
DA:44,11
DA:45,1
DA:54,11
DA:55,5
DA:58,6
DA:72,1
LF:13
LH:13
BRDA:19,0,0,10
BRDA:20,1,0,1
BRDA:20,1,1,10
BRDA:25,2,0,1
BRDA:25,2,1,10
BRDA:44,3,0,1
BRDA:44,3,1,10
BRDA:54,4,0,5
BRDA:54,4,1,6
BRDA:54,5,0,11
BRDA:54,5,1,8
BRDA:66,6,0,2
BRDA:66,6,1,4
BRF:13
BRH:13
end_of_record
TN:
SF:src\components\NowPlaying.tsx
FN:30,getDisplayTitle
FN:43,NowPlaying
FN:48,(anonymous_2)
FN:58,(anonymous_3)
FN:77,(anonymous_4)
FNF:5
FNH:0
FNDA:0,getDisplayTitle
FNDA:0,NowPlaying
FNDA:0,(anonymous_2)
FNDA:0,(anonymous_3)
FNDA:0,(anonymous_4)
DA:31,0
DA:32,0
DA:34,0
DA:35,0
DA:38,0
DA:39,0
DA:40,0
DA:44,0
DA:45,0
DA:48,0
DA:49,0
DA:58,0
DA:59,0
DA:60,0
DA:76,0
DA:77,0
DA:79,0
DA:83,0
DA:84,0
DA:87,0
DA:108,0
LF:21
LH:0
BRDA:31,0,0,0
BRDA:31,0,1,0
BRDA:31,1,0,0
BRDA:31,1,1,0
BRDA:34,2,0,0
BRDA:34,2,1,0
BRDA:40,3,0,0
BRDA:40,3,1,0
BRDA:50,4,0,0
BRDA:50,4,1,0
BRDA:59,5,0,0
BRDA:59,5,1,0
BRDA:59,6,0,0
BRDA:59,6,1,0
BRDA:83,7,0,0
BRDA:83,7,1,0
BRDA:96,8,0,0
BRDA:96,8,1,0
BRF:18
BRH:0
end_of_record
TN:
SF:src\components\PlaybackControls.tsx
FN:22,getVolumeIconName
FN:42,PlaybackControls
FNF:2
FNH:0
FNDA:0,getVolumeIconName
FNDA:0,PlaybackControls
DA:23,0
DA:24,0
DA:25,0
DA:26,0
DA:49,0
DA:69,0
LF:6
LH:0
BRDA:23,0,0,0
BRDA:23,0,1,0
BRDA:24,1,0,0
BRDA:24,1,1,0
BRDA:25,2,0,0
BRDA:25,2,1,0
BRDA:47,3,0,0
BRF:7
BRH:0
end_of_record
TN:
SF:src\components\StopButton.tsx
FN:25,StopButton
FN:28,(anonymous_1)
FN:37,(anonymous_2)
FN:48,(anonymous_3)
FNF:4
FNH:0
FNDA:0,StopButton
FNDA:0,(anonymous_1)
FNDA:0,(anonymous_2)
FNDA:0,(anonymous_3)
DA:26,0
DA:28,0
DA:29,0
DA:30,0
DA:37,0
DA:38,0
DA:45,0
DA:48,0
DA:72,0
LF:9
LH:0
BRDA:25,0,0,0
BRDA:29,1,0,0
BRDA:29,1,1,0
BRDA:52,2,0,0
BRDA:52,2,1,0
BRDA:52,3,0,0
BRDA:52,3,1,0
BRDA:56,4,0,0
BRDA:56,4,1,0
BRDA:66,5,0,0
BRDA:66,5,1,0
BRF:11
BRH:0
end_of_record
TN:
SF:src\components\Toast.tsx
FN:50,Toast
FN:61,(anonymous_1)
FN:78,(anonymous_2)
FN:82,(anonymous_3)
FN:86,(anonymous_4)
FN:99,(anonymous_5)
FNF:6
FNH:0
FNDA:0,Toast
FNDA:0,(anonymous_1)
FNDA:0,(anonymous_2)
FNDA:0,(anonymous_3)
FNDA:0,(anonymous_4)
FNDA:0,(anonymous_5)
DA:36,0
DA:43,0
DA:58,0
DA:59,0
DA:61,0
DA:62,0
DA:64,0
DA:78,0
DA:79,0
DA:82,0
DA:86,0
DA:88,0
DA:100,0
DA:104,0
DA:106,0
DA:110,0
DA:148,0
LF:17
LH:0
BRDA:52,0,0,0
BRDA:55,1,0,0
BRDA:56,2,0,0
BRDA:58,3,0,0
BRDA:58,3,1,0
BRDA:62,4,0,0
BRDA:62,4,1,0
BRDA:90,5,0,0
BRDA:90,5,1,0
BRDA:104,6,0,0
BRDA:104,6,1,0
BRDA:106,7,0,0
BRDA:106,7,1,0
BRF:13
BRH:0
end_of_record
TN:
SF:src\components\TypeIndicator.tsx
FN:12,TypeIndicator
FNF:1
FNH:0
FNDA:0,TypeIndicator
DA:13,0
DA:16,0
LF:2
LH:0
BRF:0
BRH:0
end_of_record
TN:
SF:src\components\VolumeSlider.tsx
FN:34,VolumeSlider
FN:49,(anonymous_1)
FN:62,(anonymous_2)
FN:73,(anonymous_3)
FN:75,(anonymous_4)
FN:76,(anonymous_5)
FN:77,(anonymous_6)
FN:81,(anonymous_7)
FN:88,(anonymous_8)
FN:92,(anonymous_9)
FN:97,(anonymous_10)
FN:105,(anonymous_11)
FNF:12
FNH:0
FNDA:0,VolumeSlider
FNDA:0,(anonymous_1)
FNDA:0,(anonymous_2)
FNDA:0,(anonymous_3)
FNDA:0,(anonymous_4)
FNDA:0,(anonymous_5)
FNDA:0,(anonymous_6)
FNDA:0,(anonymous_7)
FNDA:0,(anonymous_8)
FNDA:0,(anonymous_9)
FNDA:0,(anonymous_10)
FNDA:0,(anonymous_11)
DA:21,0
DA:40,0
DA:41,0
DA:42,0
DA:43,0
DA:46,0
DA:48,0
DA:51,0
DA:53,0
DA:54,0
DA:55,0
DA:61,0
DA:63,0
DA:64,0
DA:65,0
DA:66,0
DA:72,0
DA:74,0
DA:75,0
DA:76,0
DA:78,0
DA:80,0
DA:81,0
DA:82,0
DA:84,0
DA:85,0
DA:89,0
DA:91,0
DA:92,0
DA:93,0
DA:94,0
DA:98,0
DA:99,0
DA:105,0
DA:106,0
DA:109,0
DA:110,0
DA:112,0
DA:141,0
LF:39
LH:0
BRDA:38,0,0,0
BRDA:51,1,0,0
BRDA:51,1,1,0
BRDA:64,2,0,0
BRDA:64,2,1,0
BRDA:75,3,0,0
BRDA:75,3,1,0
BRDA:76,4,0,0
BRDA:76,4,1,0
BRDA:78,5,0,0
BRDA:78,5,1,0
BRDA:78,6,0,0
BRDA:78,6,1,0
BRDA:89,7,0,0
BRDA:89,7,1,0
BRDA:89,8,0,0
BRDA:89,8,1,0
BRDA:98,9,0,0
BRDA:98,9,1,0
BRDA:115,10,0,0
BRDA:115,10,1,0
BRF:21
BRH:0
end_of_record
TN:
SF:src\components\library\BulkActionBar.tsx
FN:24,BulkActionBar
FN:33,(anonymous_1)
FN:50,(anonymous_2)
FNF:3
FNH:0
FNDA:0,BulkActionBar
FNDA:0,(anonymous_1)
FNDA:0,(anonymous_2)
DA:30,0
DA:33,0
DA:50,0
DA:69,0
LF:4
LH:0
BRDA:27,0,0,0
BRDA:36,1,0,0
BRDA:36,1,1,0
BRDA:36,1,2,0
BRDA:37,2,0,0
BRDA:37,2,1,0
BRDA:53,3,0,0
BRDA:53,3,1,0
BRDA:53,3,2,0
BRDA:54,4,0,0
BRDA:54,4,1,0
BRF:11
BRH:0
end_of_record
TN:
SF:src\components\library\EmptyLibrary.tsx
FN:20,EmptyLibrary
FN:34,(anonymous_1)
FNF:2
FNH:0
FNDA:0,EmptyLibrary
FNDA:0,(anonymous_1)
DA:21,0
DA:34,0
DA:49,0
LF:3
LH:0
BRDA:36,0,0,0
BRDA:36,0,1,0
BRF:2
BRH:0
end_of_record
TN:
SF:src\components\library\LibraryHeader.tsx
FN:22,LibraryHeader
FN:31,(anonymous_1)
FNF:2
FNH:0
FNDA:0,LibraryHeader
FNDA:0,(anonymous_1)
DA:27,0
DA:31,0
DA:55,0
LF:3
LH:0
BRDA:24,0,0,0
BRDA:33,1,0,0
BRDA:33,1,1,0
BRDA:33,1,2,0
BRDA:34,2,0,0
BRDA:34,2,1,0
BRDA:39,3,0,0
BRDA:39,3,1,0
BRDA:43,4,0,0
BRDA:43,4,1,0
BRDA:48,5,0,0
BRDA:48,5,1,0
BRF:12
BRH:0
end_of_record
TN:
SF:src\components\library\SearchBar.tsx
FN:32,SearchBar
FN:42,(anonymous_1)
FN:47,(anonymous_2)
FN:55,(anonymous_3)
FN:62,(anonymous_4)
FN:68,(anonymous_5)
FN:69,(anonymous_6)
FNF:7
FNH:0
FNDA:0,SearchBar
FNDA:0,(anonymous_1)
FNDA:0,(anonymous_2)
FNDA:0,(anonymous_3)
FNDA:0,(anonymous_4)
FNDA:0,(anonymous_5)
FNDA:0,(anonymous_6)
DA:19,0
DA:38,0
DA:39,0
DA:42,0
DA:43,0
DA:46,0
DA:48,0
DA:51,0
DA:52,0
DA:55,0
DA:56,0
DA:62,0
DA:63,0
DA:64,0
DA:68,0
DA:69,0
DA:70,0
DA:71,0
DA:76,0
DA:110,0
LF:20
LH:0
BRDA:35,0,0,0
BRDA:51,1,0,0
BRDA:51,1,1,0
BRDA:70,2,0,0
BRDA:70,2,1,0
BRDA:96,3,0,0
BRDA:96,3,1,0
BRF:7
BRH:0
end_of_record
TN:
SF:src\components\library\SelectionHeader.tsx
FN:21,SelectionHeader
FNF:1
FNH:0
FNDA:0,SelectionHeader
DA:26,0
DA:43,0
LF:2
LH:0
BRF:0
BRH:0
end_of_record
TN:
SF:src\components\library\TrackRow.tsx
FN:45,TrackRow
FN:56,(anonymous_1)
FN:64,(anonymous_2)
FN:68,(anonymous_3)
FN:90,(anonymous_4)
FN:106,(anonymous_5)
FN:139,(anonymous_6)
FNF:7
FNH:0
FNDA:0,TrackRow
FNDA:0,(anonymous_1)
FNDA:0,(anonymous_2)
FNDA:0,(anonymous_3)
FNDA:0,(anonymous_4)
FNDA:0,(anonymous_5)
FNDA:0,(anonymous_6)
DA:22,0
DA:56,0
DA:57,0
DA:58,0
DA:60,0
DA:64,0
DA:65,0
DA:68,0
DA:69,0
DA:72,0
DA:73,0
DA:76,0
DA:77,0
DA:79,0
DA:88,0
DA:90,0
DA:106,0
DA:140,0
DA:158,0
LF:19
LH:0
BRDA:48,0,0,0
BRDA:49,1,0,0
BRDA:57,2,0,0
BRDA:57,2,1,0
BRDA:72,3,0,0
BRDA:72,3,1,0
BRDA:73,4,0,0
BRDA:73,4,1,0
BRDA:77,5,0,0
BRDA:77,5,1,0
BRDA:77,6,0,0
BRDA:77,6,1,0
BRDA:83,7,0,0
BRDA:83,7,1,0
BRDA:83,8,0,0
BRDA:83,8,1,0
BRDA:92,9,0,0
BRDA:92,9,1,0
BRDA:93,10,0,0
BRDA:93,10,1,0
BRDA:103,11,0,0
BRDA:103,11,1,0
BRDA:105,12,0,0
BRDA:105,12,1,0
BRDA:110,13,0,0
BRDA:110,13,1,0
BRDA:137,14,0,0
BRDA:137,14,1,0
BRDA:144,15,0,0
BRDA:144,15,1,0
BRDA:150,16,0,0
BRDA:150,16,1,0
BRF:32
BRH:0
end_of_record
TN:
SF:src\components\modals\BulkTagModal.tsx
FN:36,BulkTagModal
FN:80,(anonymous_1)
FN:83,(anonymous_2)
FN:87,(anonymous_3)
FNF:4
FNH:0
FNDA:0,BulkTagModal
FNDA:0,(anonymous_1)
FNDA:0,(anonymous_2)
FNDA:0,(anonymous_3)
DA:44,0
DA:81,0
DA:83,0
DA:87,0
DA:108,0
LF:5
LH:0
BRDA:57,0,0,0
BRDA:57,0,1,0
BRDA:72,1,0,0
BRDA:72,1,1,0
BRDA:85,2,0,0
BRDA:85,2,1,0
BRDA:94,3,0,0
BRDA:94,3,1,0
BRF:8
BRH:0
end_of_record
TN:
SF:src\components\modals\DeleteConfirmation.tsx
FN:21,darkenHex
FN:44,DeleteConfirmation
FN:68,(anonymous_2)
FN:80,(anonymous_3)
FNF:4
FNH:0
FNDA:0,darkenHex
FNDA:0,DeleteConfirmation
FNDA:0,(anonymous_2)
FNDA:0,(anonymous_3)
DA:22,0
DA:54,0
DA:68,0
DA:80,0
DA:97,0
LF:5
LH:0
BRDA:48,0,0,0
BRDA:49,1,0,0
BRDA:71,2,0,0
BRDA:71,2,1,0
BRDA:82,3,0,0
BRDA:82,3,1,0
BRF:6
BRH:0
end_of_record
TN:
SF:src\components\modals\TagChipPicker.tsx
FN:24,TagChipPicker
FN:40,(anonymous_1)
FN:50,(anonymous_2)
FN:57,(anonymous_3)
FNF:4
FNH:0
FNDA:0,TagChipPicker
FNDA:0,(anonymous_1)
FNDA:0,(anonymous_2)
FNDA:0,(anonymous_3)
DA:30,0
DA:31,0
DA:38,0
DA:41,0
DA:42,0
DA:43,0
DA:47,0
DA:50,0
DA:57,0
DA:77,0
LF:10
LH:0
BRDA:30,0,0,0
BRDA:30,0,1,0
BRDA:42,1,0,0
BRDA:42,1,1,0
BRDA:43,2,0,0
BRDA:43,2,1,0
BRDA:52,3,0,0
BRDA:52,3,1,0
BRDA:55,4,0,0
BRDA:55,4,1,0
BRDA:62,5,0,0
BRDA:62,5,1,0
BRF:12
BRH:0
end_of_record
TN:
SF:src\components\modals\TrackDetailModal.tsx
FN:49,TrackDetailModal
FN:66,(anonymous_1)
FN:67,(anonymous_2)
FN:71,(anonymous_3)
FN:77,(anonymous_4)
FN:92,(anonymous_5)
FN:166,(anonymous_6)
FN:171,(anonymous_7)
FN:186,(anonymous_8)
FN:191,(anonymous_9)
FN:200,(anonymous_10)
FN:205,(anonymous_11)
FN:225,(anonymous_12)
FNF:13
FNH:0
FNDA:0,TrackDetailModal
FNDA:0,(anonymous_1)
FNDA:0,(anonymous_2)
FNDA:0,(anonymous_3)
FNDA:0,(anonymous_4)
FNDA:0,(anonymous_5)
FNDA:0,(anonymous_6)
FNDA:0,(anonymous_7)
FNDA:0,(anonymous_8)
FNDA:0,(anonymous_9)
FNDA:0,(anonymous_10)
FNDA:0,(anonymous_11)
FNDA:0,(anonymous_12)
DA:62,0
DA:63,0
DA:66,0
DA:67,0
DA:70,0
DA:72,0
DA:74,0
DA:77,0
DA:78,0
DA:79,0
DA:80,0
DA:82,0
DA:84,0
DA:87,0
DA:92,0
DA:93,0
DA:94,0
DA:95,0
DA:96,0
DA:99,0
DA:101,0
DA:102,0
DA:103,0
DA:107,0
DA:166,0
DA:171,0
DA:186,0
DA:191,0
DA:200,0
DA:205,0
DA:225,0
DA:232,0
LF:32
LH:0
BRDA:54,0,0,0
BRDA:72,1,0,0
BRDA:72,1,1,0
BRDA:79,2,0,0
BRDA:79,2,1,0
BRDA:93,3,0,0
BRDA:93,3,1,0
BRDA:99,4,0,0
BRDA:99,4,1,0
BRDA:101,5,0,0
BRDA:101,5,1,0
BRDA:102,6,0,0
BRDA:102,6,1,0
BRDA:103,7,0,0
BRDA:103,7,1,0
BRDA:169,8,0,0
BRDA:169,8,1,0
BRDA:173,9,0,0
BRDA:173,9,1,0
BRDA:176,10,0,0
BRDA:176,10,1,0
BRDA:181,11,0,0
BRDA:181,11,1,0
BRDA:189,12,0,0
BRDA:189,12,1,0
BRDA:203,13,0,0
BRDA:203,13,1,0
BRF:27
BRH:0
end_of_record
TN:
SF:src\components\tags\ColorPicker.tsx
FN:21,ColorPicker
FN:28,(anonymous_1)
FN:38,(anonymous_2)
FNF:3
FNH:0
FNDA:0,ColorPicker
FNDA:0,(anonymous_1)
FNDA:0,(anonymous_2)
DA:26,0
DA:29,0
DA:30,0
DA:38,0
DA:49,0
LF:5
LH:0
BRDA:36,0,0,0
BRDA:36,0,1,0
BRF:2
BRH:0
end_of_record
TN:
SF:src\components\tags\EmptyTags.tsx
FN:20,EmptyTags
FN:34,(anonymous_1)
FNF:2
FNH:0
FNDA:0,EmptyTags
FNDA:0,(anonymous_1)
DA:21,0
DA:34,0
DA:49,0
LF:3
LH:0
BRDA:36,0,0,0
BRDA:36,0,1,0
BRF:2
BRH:0
end_of_record
TN:
SF:src\components\tags\TagModal.tsx
FN:39,TagModal
FN:54,(anonymous_1)
FN:67,(anonymous_2)
FN:83,(anonymous_3)
FN:91,(anonymous_4)
FN:159,(anonymous_5)
FN:174,(anonymous_6)
FN:178,(anonymous_7)
FN:197,(anonymous_8)
FNF:9
FNH:0
FNDA:0,TagModal
FNDA:0,(anonymous_1)
FNDA:0,(anonymous_2)
FNDA:0,(anonymous_3)
FNDA:0,(anonymous_4)
FNDA:0,(anonymous_5)
FNDA:0,(anonymous_6)
FNDA:0,(anonymous_7)
FNDA:0,(anonymous_8)
DA:47,0
DA:48,0
DA:49,0
DA:50,0
DA:51,0
DA:54,0
DA:55,0
DA:56,0
DA:57,0
DA:58,0
DA:60,0
DA:61,0
DA:63,0
DA:67,0
DA:68,0
DA:71,0
DA:72,0
DA:73,0
DA:75,0
DA:76,0
DA:77,0
DA:80,0
DA:83,0
DA:84,0
DA:85,0
DA:86,0
DA:87,0
DA:91,0
DA:92,0
DA:93,0
DA:94,0
DA:98,0
DA:159,0
DA:174,0
DA:178,0
DA:197,0
DA:205,0
LF:37
LH:0
BRDA:55,0,0,0
BRDA:55,0,1,0
BRDA:56,1,0,0
BRDA:56,1,1,0
BRDA:58,2,0,0
BRDA:58,2,1,0
BRDA:71,3,0,0
BRDA:71,3,1,0
BRDA:75,4,0,0
BRDA:75,4,1,0
BRDA:84,5,0,0
BRDA:84,5,1,0
BRDA:84,6,0,0
BRDA:84,6,1,0
BRDA:93,7,0,0
BRDA:93,7,1,0
BRDA:115,8,0,0
BRDA:115,8,1,0
BRDA:133,9,0,0
BRDA:133,9,1,0
BRDA:144,10,0,0
BRDA:144,10,1,0
BRDA:161,11,0,0
BRDA:161,11,1,0
BRDA:165,12,0,0
BRDA:165,12,1,0
BRDA:168,13,0,0
BRDA:168,13,1,0
BRDA:172,14,0,0
BRDA:172,14,1,0
BRDA:172,14,2,0
BRDA:176,15,0,0
BRDA:176,15,1,0
BRDA:192,16,0,0
BRDA:192,16,1,0
BRDA:196,17,0,0
BRDA:196,17,1,0
BRF:37
BRH:0
end_of_record
TN:
SF:src\components\tags\TagRow.tsx
FN:23,TagRow
FN:24,(anonymous_1)
FN:32,(anonymous_2)
FNF:3
FNH:0
FNDA:0,TagRow
FNDA:0,(anonymous_1)
FNDA:0,(anonymous_2)
DA:24,0
DA:25,0
DA:28,0
DA:30,0
DA:32,0
DA:58,0
LF:6
LH:0
BRDA:28,0,0,0
BRDA:28,0,1,0
BRDA:34,1,0,0
BRDA:34,1,1,0
BRF:4
BRH:0
end_of_record
TN:
SF:src\components\tags\TagsHeader.tsx
FN:20,TagsHeader
FN:25,(anonymous_1)
FNF:2
FNH:0
FNDA:0,TagsHeader
FNDA:0,(anonymous_1)
DA:21,0
DA:25,0
DA:40,0
LF:3
LH:0
BRDA:27,0,0,0
BRDA:27,0,1,0
BRF:2
BRH:0
end_of_record
TN:
SF:src\constants\audio.ts
FNF:0
FNH:0
DA:6,0
LF:1
LH:0
BRF:0
BRH:0
end_of_record
TN:
SF:src\constants\colors.ts
FN:60,getButtonTextColor
FN:71,darkenColor
FNF:2
FNH:0
FNDA:0,getButtonTextColor
FNDA:0,darkenColor
DA:8,1
DA:48,1
DA:54,1
DA:61,0
DA:72,0
DA:73,0
DA:75,0
DA:76,0
DA:77,0
DA:79,0
LF:10
LH:3
BRDA:61,0,0,0
BRDA:61,0,1,0
BRF:2
BRH:0
end_of_record
TN:
SF:src\constants\layout.ts
FNF:0
FNH:0
DA:7,1
LF:1
LH:1
BRF:0
BRH:0
end_of_record
TN:
SF:src\db\init.ts
FN:16,getDatabase
FN:27,initDatabase
FN:56,closeDatabase
FNF:3
FNH:0
FNDA:0,getDatabase
FNDA:0,initDatabase
FNDA:0,closeDatabase
DA:9,0
DA:11,0
DA:17,0
DA:18,0
DA:20,0
DA:28,0
DA:29,0
DA:32,0
DA:35,0
DA:38,0
DA:41,0
DA:43,0
DA:45,0
DA:48,0
DA:57,0
DA:58,0
DA:59,0
LF:17
LH:0
BRDA:17,0,0,0
BRDA:17,0,1,0
BRDA:28,1,0,0
BRDA:28,1,1,0
BRDA:41,2,0,0
BRDA:41,2,1,0
BRDA:43,3,0,0
BRDA:43,3,1,0
BRDA:57,4,0,0
BRDA:57,4,1,0
BRF:10
BRH:0
end_of_record
TN:
SF:src\db\schema.ts
FNF:0
FNH:0
DA:6,0
DA:8,0
LF:2
LH:0
BRF:0
BRH:0
end_of_record
TN:
SF:src\db\queries\buttons.ts
FN:23,rowToButton
FN:38,getAllButtons
FN:44,getButtonById
FN:50,getButtonsByTagId
FN:59,getButtonsByTrackId
FN:68,getPersistentButtons
FN:76,getNextPosition
FN:84,insertButton
FN:111,insertButtonAtomic
FN:144,updateButton
FN:188,deleteButton
FN:193,deleteButtonsByTagId
FN:198,reorderButtons
FN:202,(anonymous_13)
FN:251,getAllButtonsResolved
FN:304,rowToButtonResolved
FNF:16
FNH:0
FNDA:0,rowToButton
FNDA:0,getAllButtons
FNDA:0,getButtonById
FNDA:0,getButtonsByTagId
FNDA:0,getButtonsByTrackId
FNDA:0,getPersistentButtons
FNDA:0,getNextPosition
FNDA:0,insertButton
FNDA:0,insertButtonAtomic
FNDA:0,updateButton
FNDA:0,deleteButton
FNDA:0,deleteButtonsByTagId
FNDA:0,reorderButtons
FNDA:0,(anonymous_13)
FNDA:0,getAllButtonsResolved
FNDA:0,rowToButtonResolved
DA:24,0
DA:39,0
DA:40,0
DA:41,0
DA:45,0
DA:46,0
DA:47,0
DA:51,0
DA:52,0
DA:56,0
DA:60,0
DA:61,0
DA:65,0
DA:69,0
DA:70,0
DA:73,0
DA:77,0
DA:78,0
DA:81,0
DA:85,0
DA:86,0
DA:114,0
DA:116,0
DA:134,0
DA:138,0
DA:139,0
DA:141,0
DA:145,0
DA:146,0
DA:147,0
DA:149,0
DA:150,0
DA:151,0
DA:153,0
DA:154,0
DA:155,0
DA:157,0
DA:158,0
DA:159,0
DA:161,0
DA:162,0
DA:163,0
DA:165,0
DA:166,0
DA:167,0
DA:169,0
DA:170,0
DA:171,0
DA:173,0
DA:174,0
DA:175,0
DA:177,0
DA:178,0
DA:179,0
DA:182,0
DA:184,0
DA:185,0
DA:189,0
DA:190,0
DA:194,0
DA:195,0
DA:199,0
DA:200,0
DA:202,0
DA:203,0
DA:204,0
DA:252,0
DA:253,0
DA:305,0
DA:320,0
DA:321,0
DA:323,0
DA:326,0
DA:327,0
DA:335,0
DA:336,0
DA:337,0
DA:340,0
DA:342,0
DA:345,0
DA:346,0
DA:360,0
DA:364,0
DA:366,0
LF:84
LH:0
BRDA:47,0,0,0
BRDA:47,0,1,0
BRDA:81,1,0,0
BRDA:81,1,1,0
BRDA:96,2,0,0
BRDA:96,2,1,0
BRDA:126,3,0,0
BRDA:126,3,1,0
BRDA:138,4,0,0
BRDA:138,4,1,0
BRDA:138,5,0,0
BRDA:138,5,1,0
BRDA:149,6,0,0
BRDA:149,6,1,0
BRDA:153,7,0,0
BRDA:153,7,1,0
BRDA:157,8,0,0
BRDA:157,8,1,0
BRDA:161,9,0,0
BRDA:161,9,1,0
BRDA:165,10,0,0
BRDA:165,10,1,0
BRDA:169,11,0,0
BRDA:169,11,1,0
BRDA:171,12,0,0
BRDA:171,12,1,0
BRDA:173,13,0,0
BRDA:173,13,1,0
BRDA:177,14,0,0
BRDA:177,14,1,0
BRDA:182,15,0,0
BRDA:182,15,1,0
BRDA:323,16,0,0
BRDA:323,16,1,0
BRDA:323,17,0,0
BRDA:323,17,1,0
BRDA:326,18,0,0
BRDA:326,18,1,0
BRDA:335,19,0,0
BRDA:335,19,1,0
BRDA:342,20,0,0
BRDA:342,20,1,0
BRDA:342,21,0,0
BRDA:342,21,1,0
BRDA:345,22,0,0
BRDA:345,22,1,0
BRDA:364,23,0,0
BRDA:364,23,1,0
BRDA:364,23,2,0
BRDA:370,24,0,0
BRDA:370,24,1,0
BRDA:371,25,0,0
BRDA:371,25,1,0
BRF:53
BRH:0
end_of_record
TN:
SF:src\db\queries\settings.ts
FN:13,getSetting
FN:19,setSetting
FN:28,deleteSetting
FN:33,getAllSettings
FNF:4
FNH:0
FNDA:0,getSetting
FNDA:0,setSetting
FNDA:0,deleteSetting
FNDA:0,getAllSettings
DA:14,0
DA:15,0
DA:16,0
DA:20,0
DA:21,0
DA:29,0
DA:30,0
DA:34,0
DA:35,0
DA:36,0
DA:37,0
DA:38,0
DA:40,0
LF:13
LH:0
BRDA:16,0,0,0
BRDA:16,0,1,0
BRF:2
BRH:0
end_of_record
TN:
SF:src\db\queries\tags.ts
FN:22,rowToTag
FN:32,rowToTagWithCount
FN:40,getAllTags
FN:46,getTagById
FN:52,getTagByName
FN:58,getAllTagsWithCounts
FN:74,insertTag
FN:83,updateTag
FN:107,deleteTag
FNF:9
FNH:0
FNDA:0,rowToTag
FNDA:0,rowToTagWithCount
FNDA:0,getAllTags
FNDA:0,getTagById
FNDA:0,getTagByName
FNDA:0,getAllTagsWithCounts
FNDA:0,insertTag
FNDA:0,updateTag
FNDA:0,deleteTag
DA:23,0
DA:33,0
DA:41,0
DA:42,0
DA:43,0
DA:47,0
DA:48,0
DA:49,0
DA:53,0
DA:54,0
DA:55,0
DA:59,0
DA:60,0
DA:71,0
DA:75,0
DA:76,0
DA:84,0
DA:85,0
DA:86,0
DA:88,0
DA:89,0
DA:90,0
DA:92,0
DA:93,0
DA:94,0
DA:96,0
DA:97,0
DA:98,0
DA:101,0
DA:103,0
DA:104,0
DA:108,0
DA:109,0
LF:33
LH:0
BRDA:49,0,0,0
BRDA:49,0,1,0
BRDA:55,1,0,0
BRDA:55,1,1,0
BRDA:88,2,0,0
BRDA:88,2,1,0
BRDA:92,3,0,0
BRDA:92,3,1,0
BRDA:96,4,0,0
BRDA:96,4,1,0
BRDA:101,5,0,0
BRDA:101,5,1,0
BRF:12
BRH:0
end_of_record
TN:
SF:src\db\queries\trackTags.ts
FN:37,rowToTrack
FN:53,rowToTag
FN:63,addTagToTrack
FN:72,removeTagFromTrack
FN:77,getTagsForTrack
FN:89,getTracksForTag
FN:101,getUnplayedTracksForTag
FN:113,resetPlayedFlagsForTag
FN:123,setTagsForTrack
FN:127,(anonymous_9)
FNF:10
FNH:0
FNDA:0,rowToTrack
FNDA:0,rowToTag
FNDA:0,addTagToTrack
FNDA:0,removeTagFromTrack
FNDA:0,getTagsForTrack
FNDA:0,getTracksForTag
FNDA:0,getUnplayedTracksForTag
FNDA:0,resetPlayedFlagsForTag
FNDA:0,setTagsForTrack
FNDA:0,(anonymous_9)
DA:38,0
DA:54,0
DA:64,0
DA:65,0
DA:66,0
DA:73,0
DA:74,0
DA:78,0
DA:79,0
DA:86,0
DA:90,0
DA:91,0
DA:98,0
DA:102,0
DA:103,0
DA:110,0
DA:114,0
DA:115,0
DA:116,0
DA:124,0
DA:125,0
DA:127,0
DA:129,0
DA:132,0
DA:133,0
LF:25
LH:0
BRF:0
BRH:0
end_of_record
TN:
SF:src\db\queries\tracks.ts
FN:23,rowToTrack
FN:39,getAllTracks
FN:45,getTrackById
FN:51,getTrackByFilePath
FN:57,getUnplayedTracks
FN:63,insertTrack
FN:84,updateTrack
FN:132,deleteTrack
FN:137,markTrackPlayed
FN:143,resetAllPlayedFlags
FNF:10
FNH:0
FNDA:0,rowToTrack
FNDA:0,getAllTracks
FNDA:0,getTrackById
FNDA:0,getTrackByFilePath
FNDA:0,getUnplayedTracks
FNDA:0,insertTrack
FNDA:0,updateTrack
FNDA:0,deleteTrack
FNDA:0,markTrackPlayed
FNDA:0,resetAllPlayedFlags
DA:24,0
DA:40,0
DA:41,0
DA:42,0
DA:46,0
DA:47,0
DA:48,0
DA:52,0
DA:53,0
DA:54,0
DA:58,0
DA:59,0
DA:60,0
DA:64,0
DA:65,0
DA:85,0
DA:86,0
DA:87,0
DA:89,0
DA:90,0
DA:91,0
DA:93,0
DA:94,0
DA:95,0
DA:97,0
DA:98,0
DA:99,0
DA:101,0
DA:102,0
DA:103,0
DA:105,0
DA:106,0
DA:107,0
DA:109,0
DA:110,0
DA:111,0
DA:113,0
DA:114,0
DA:115,0
DA:117,0
DA:118,0
DA:119,0
DA:121,0
DA:122,0
DA:123,0
DA:126,0
DA:128,0
DA:129,0
DA:133,0
DA:134,0
DA:138,0
DA:139,0
DA:140,0
DA:144,0
DA:145,0
DA:146,0
LF:56
LH:0
BRDA:48,0,0,0
BRDA:48,0,1,0
BRDA:54,1,0,0
BRDA:54,1,1,0
BRDA:77,2,0,0
BRDA:77,2,1,0
BRDA:89,3,0,0
BRDA:89,3,1,0
BRDA:93,4,0,0
BRDA:93,4,1,0
BRDA:97,5,0,0
BRDA:97,5,1,0
BRDA:101,6,0,0
BRDA:101,6,1,0
BRDA:105,7,0,0
BRDA:105,7,1,0
BRDA:109,8,0,0
BRDA:109,8,1,0
BRDA:113,9,0,0
BRDA:113,9,1,0
BRDA:117,10,0,0
BRDA:117,10,1,0
BRDA:119,11,0,0
BRDA:119,11,1,0
BRDA:121,12,0,0
BRDA:121,12,1,0
BRDA:126,13,0,0
BRDA:126,13,1,0
BRF:28
BRH:0
end_of_record
TN:
SF:src\services\import\metadata.ts
FN:50,extractMetadata
FN:85,parseMetadataFromFileName
FN:130,getDisplayTitle
FN:161,getDisplaySubtitle
FNF:4
FNH:0
FNDA:0,extractMetadata
FNDA:0,parseMetadataFromFileName
FNDA:0,getDisplayTitle
FNDA:0,getDisplaySubtitle
DA:56,0
DA:57,0
DA:59,0
DA:90,0
DA:91,0
DA:95,0
DA:98,0
DA:99,0
DA:100,0
DA:101,0
DA:102,0
DA:103,0
DA:108,0
DA:131,0
DA:132,0
DA:136,0
DA:137,0
DA:138,0
DA:142,0
DA:143,0
DA:165,0
DA:166,0
DA:168,0
LF:23
LH:0
BRDA:56,0,0,0
BRDA:56,0,1,0
BRDA:91,1,0,0
BRDA:91,1,1,0
BRDA:99,2,0,0
BRDA:99,2,1,0
BRDA:102,3,0,0
BRDA:102,3,1,0
BRDA:102,4,0,0
BRDA:102,4,1,0
BRDA:109,5,0,0
BRDA:109,5,1,0
BRDA:131,6,0,0
BRDA:131,6,1,0
BRDA:137,7,0,0
BRDA:137,7,1,0
BRDA:143,8,0,0
BRDA:143,8,1,0
BRDA:165,9,0,0
BRDA:165,9,1,0
BRDA:165,10,0,0
BRDA:165,10,1,0
BRDA:168,11,0,0
BRDA:168,11,1,0
BRDA:168,11,2,0
BRF:25
BRH:0
end_of_record
TN:
SF:src\services\import\validation.ts
FN:44,validateFilePath
FN:110,getFileExtension
FN:137,extractFileName
FN:169,isSupportedFormat
FN:180,getSupportedFormats
FNF:5
FNH:0
FNDA:0,validateFilePath
FNDA:0,getFileExtension
FNDA:0,extractFileName
FNDA:0,isSupportedFormat
FNDA:0,getSupportedFormats
DA:10,0
DA:49,0
DA:50,0
DA:58,0
DA:61,0
DA:62,0
DA:65,0
DA:67,0
DA:68,0
DA:74,0
DA:75,0
DA:76,0
DA:77,0
DA:78,0
DA:88,0
DA:89,0
DA:90,0
DA:91,0
DA:92,0
DA:96,0
DA:101,0
DA:113,0
DA:114,0
DA:115,0
DA:119,0
DA:120,0
DA:121,0
DA:122,0
DA:125,0
DA:140,0
DA:141,0
DA:144,0
DA:148,0
DA:149,0
DA:152,0
DA:153,0
DA:154,0
DA:157,0
DA:170,0
DA:181,0
LF:40
LH:0
BRDA:49,0,0,0
BRDA:49,0,1,0
BRDA:67,1,0,0
BRDA:67,1,1,0
BRDA:67,2,0,0
BRDA:67,2,1,0
BRDA:74,3,0,0
BRDA:74,3,1,0
BRDA:74,4,0,0
BRDA:74,4,1,0
BRDA:76,5,0,0
BRDA:76,5,1,0
BRDA:76,6,0,0
BRDA:76,6,1,0
BRDA:88,7,0,0
BRDA:88,7,1,0
BRDA:91,8,0,0
BRDA:91,8,1,0
BRDA:114,9,0,0
BRDA:114,9,1,0
BRDA:114,10,0,0
BRDA:114,10,1,0
BRDA:121,11,0,0
BRDA:121,11,1,0
BRDA:149,12,0,0
BRDA:149,12,1,0
BRDA:153,13,0,0
BRDA:153,13,1,0
BRF:28
BRH:0
end_of_record
TN:
SF:src\services\player\playbackService.ts
FN:13,(anonymous_0)
FN:14,(anonymous_1)
FN:15,(anonymous_2)
FN:16,(anonymous_3)
FN:17,(anonymous_4)
FNF:5
FNH:0
FNDA:0,(anonymous_0)
FNDA:0,(anonymous_1)
FNDA:0,(anonymous_2)
FNDA:0,(anonymous_3)
FNDA:0,(anonymous_4)
DA:13,0
DA:14,0
DA:15,0
DA:16,0
DA:17,0
LF:5
LH:0
BRF:0
BRH:0
end_of_record
TN:
SF:src\stores\useButtonStore.ts
FN:70,(anonymous_0)
FN:74,(anonymous_1)
FN:84,(anonymous_2)
FN:121,(anonymous_3)
FN:125,(anonymous_4)
FN:162,(anonymous_5)
FN:166,(anonymous_6)
FN:178,(anonymous_7)
FN:179,(anonymous_8)
FN:185,(anonymous_9)
FN:187,(anonymous_10)
FN:188,(anonymous_11)
FN:192,(anonymous_12)
FN:194,(anonymous_13)
FN:195,(anonymous_14)
FN:199,(anonymous_15)
FN:202,(anonymous_16)
FN:203,(anonymous_17)
FN:205,(anonymous_18)
FN:209,(anonymous_19)
FN:214,(anonymous_20)
FN:215,(anonymous_21)
FN:218,(anonymous_22)
FN:255,(anonymous_23)
FNF:24
FNH:0
FNDA:0,(anonymous_0)
FNDA:0,(anonymous_1)
FNDA:0,(anonymous_2)
FNDA:0,(anonymous_3)
FNDA:0,(anonymous_4)
FNDA:0,(anonymous_5)
FNDA:0,(anonymous_6)
FNDA:0,(anonymous_7)
FNDA:0,(anonymous_8)
FNDA:0,(anonymous_9)
FNDA:0,(anonymous_10)
FNDA:0,(anonymous_11)
FNDA:0,(anonymous_12)
FNDA:0,(anonymous_13)
FNDA:0,(anonymous_14)
FNDA:0,(anonymous_15)
FNDA:0,(anonymous_16)
FNDA:0,(anonymous_17)
FNDA:0,(anonymous_18)
FNDA:0,(anonymous_19)
FNDA:0,(anonymous_20)
FNDA:0,(anonymous_21)
FNDA:0,(anonymous_22)
FNDA:0,(anonymous_23)
DA:70,0
DA:75,0
DA:76,0
DA:77,0
DA:78,0
DA:80,0
DA:86,0
DA:87,0
DA:88,0
DA:91,0
DA:92,0
DA:93,0
DA:96,0
DA:108,0
DA:121,0
DA:122,0
DA:127,0
DA:128,0
DA:129,0
DA:132,0
DA:133,0
DA:134,0
DA:137,0
DA:149,0
DA:162,0
DA:163,0
DA:168,0
DA:169,0
DA:170,0
DA:171,0
DA:173,0
DA:176,0
DA:177,0
DA:178,0
DA:180,0
DA:186,0
DA:187,0
DA:188,0
DA:193,0
DA:194,0
DA:195,0
DA:200,0
DA:201,0
DA:202,0
DA:203,0
DA:204,0
DA:206,0
DA:207,0
DA:209,0
DA:210,0
DA:215,0
DA:222,0
DA:224,0
DA:225,0
DA:226,0
DA:227,0
DA:228,0
DA:229,0
DA:231,0
DA:233,0
DA:234,0
DA:235,0
DA:236,0
DA:238,0
DA:243,0
DA:245,0
DA:256,0
DA:257,0
LF:68
LH:0
BRDA:84,0,0,0
BRDA:84,1,0,0
BRDA:87,2,0,0
BRDA:87,2,1,0
BRDA:125,3,0,0
BRDA:125,4,0,0
BRDA:128,5,0,0
BRDA:128,5,1,0
BRDA:168,6,0,0
BRDA:168,6,1,0
BRDA:170,7,0,0
BRDA:170,7,1,0
BRDA:180,8,0,0
BRDA:180,8,1,0
BRDA:207,9,0,0
BRDA:207,9,1,0
BRDA:224,10,0,0
BRDA:224,10,1,0
BRDA:224,11,0,0
BRDA:224,11,1,0
BRDA:226,12,0,0
BRDA:226,12,1,0
BRDA:233,13,0,0
BRDA:233,13,1,0
BRDA:233,14,0,0
BRDA:233,14,1,0
BRDA:235,15,0,0
BRDA:235,15,1,0
BRDA:243,16,0,0
BRDA:243,16,1,0
BRDA:243,16,2,0
BRF:31
BRH:0
end_of_record
TN:
SF:src\stores\usePlayerStore.ts
FN:53,(anonymous_0)
FN:59,(anonymous_1)
FN:73,(anonymous_2)
FN:77,(anonymous_3)
FN:81,(anonymous_4)
FN:85,(anonymous_5)
FN:103,(anonymous_6)
FNF:7
FNH:0
FNDA:0,(anonymous_0)
FNDA:0,(anonymous_1)
FNDA:0,(anonymous_2)
FNDA:0,(anonymous_3)
FNDA:0,(anonymous_4)
FNDA:0,(anonymous_5)
FNDA:0,(anonymous_6)
DA:11,0
DA:53,0
DA:60,0
DA:61,0
DA:62,0
DA:63,0
DA:64,0
DA:65,0
DA:74,0
DA:78,0
DA:82,0
DA:86,0
DA:87,0
DA:90,0
DA:92,0
DA:93,0
DA:96,0
DA:97,0
DA:99,0
DA:104,0
LF:20
LH:0
BRDA:62,0,0,0
BRDA:62,0,1,0
BRDA:64,1,0,0
BRDA:64,1,1,0
BRDA:64,2,0,0
BRDA:64,2,1,0
BRDA:64,2,2,0
BRF:7
BRH:0
end_of_record
TN:
SF:src\stores\useTagStore.ts
FN:18,adjustTagCount
FN:24,(anonymous_1)
FN:97,(anonymous_2)
FN:101,(anonymous_3)
FN:111,(anonymous_4)
FN:136,(anonymous_5)
FN:137,(anonymous_6)
FN:143,(anonymous_7)
FN:155,(anonymous_8)
FN:157,(anonymous_9)
FN:158,(anonymous_10)
FN:162,(anonymous_11)
FN:166,(anonymous_12)
FN:167,(anonymous_13)
FN:171,(anonymous_14)
FN:173,(anonymous_15)
FN:186,(anonymous_16)
FN:188,(anonymous_17)
FN:201,(anonymous_18)
FN:204,(anonymous_19)
FN:208,(anonymous_20)
FN:209,(anonymous_21)
FN:212,(anonymous_22)
FN:232,(anonymous_23)
FN:236,(anonymous_24)
FN:240,(anonymous_25)
FN:244,(anonymous_26)
FN:250,(anonymous_27)
FN:251,(anonymous_28)
FN:254,(anonymous_29)
FNF:30
FNH:0
FNDA:0,adjustTagCount
FNDA:0,(anonymous_1)
FNDA:0,(anonymous_2)
FNDA:0,(anonymous_3)
FNDA:0,(anonymous_4)
FNDA:0,(anonymous_5)
FNDA:0,(anonymous_6)
FNDA:0,(anonymous_7)
FNDA:0,(anonymous_8)
FNDA:0,(anonymous_9)
FNDA:0,(anonymous_10)
FNDA:0,(anonymous_11)
FNDA:0,(anonymous_12)
FNDA:0,(anonymous_13)
FNDA:0,(anonymous_14)
FNDA:0,(anonymous_15)
FNDA:0,(anonymous_16)
FNDA:0,(anonymous_17)
FNDA:0,(anonymous_18)
FNDA:0,(anonymous_19)
FNDA:0,(anonymous_20)
FNDA:0,(anonymous_21)
FNDA:0,(anonymous_22)
FNDA:0,(anonymous_23)
FNDA:0,(anonymous_24)
FNDA:0,(anonymous_25)
FNDA:0,(anonymous_26)
FNDA:0,(anonymous_27)
FNDA:0,(anonymous_28)
FNDA:0,(anonymous_29)
DA:24,0
DA:25,0
DA:97,0
DA:102,0
DA:103,0
DA:104,0
DA:105,0
DA:107,0
DA:113,0
DA:114,0
DA:115,0
DA:118,0
DA:119,0
DA:120,0
DA:128,0
DA:130,0
DA:136,0
DA:137,0
DA:140,0
DA:145,0
DA:146,0
DA:147,0
DA:148,0
DA:150,0
DA:153,0
DA:154,0
DA:155,0
DA:157,0
DA:158,0
DA:163,0
DA:165,0
DA:166,0
DA:167,0
DA:173,0
DA:177,0
DA:178,0
DA:181,0
DA:182,0
DA:188,0
DA:192,0
DA:193,0
DA:196,0
DA:197,0
DA:203,0
DA:204,0
DA:205,0
DA:208,0
DA:209,0
DA:212,0
DA:213,0
DA:214,0
DA:215,0
DA:217,0
DA:218,0
DA:220,0
DA:223,0
DA:224,0
DA:227,0
DA:228,0
DA:233,0
DA:237,0
DA:241,0
DA:245,0
DA:247,0
DA:251,0
DA:256,0
DA:257,0
DA:260,0
LF:68
LH:0
BRDA:25,0,0,0
BRDA:25,0,1,0
BRDA:111,1,0,0
BRDA:114,2,0,0
BRDA:114,2,1,0
BRDA:145,3,0,0
BRDA:145,3,1,0
BRDA:147,4,0,0
BRDA:147,4,1,0
BRDA:157,5,0,0
BRDA:157,5,1,0
BRF:11
BRH:0
end_of_record
TN:
SF:src\stores\useTrackStore.ts
FN:48,(anonymous_0)
FN:52,(anonymous_1)
FN:62,(anonymous_2)
FN:73,(anonymous_3)
FN:77,(anonymous_4)
FN:80,(anonymous_5)
FN:81,(anonymous_6)
FN:87,(anonymous_7)
FN:89,(anonymous_8)
FN:92,(anonymous_9)
FN:93,(anonymous_10)
FN:113,(anonymous_11)
FN:116,(anonymous_12)
FN:117,(anonymous_13)
FN:123,(anonymous_14)
FN:126,(anonymous_15)
FN:127,(anonymous_16)
FN:131,(anonymous_17)
FN:132,(anonymous_18)
FNF:19
FNH:0
FNDA:0,(anonymous_0)
FNDA:0,(anonymous_1)
FNDA:0,(anonymous_2)
FNDA:0,(anonymous_3)
FNDA:0,(anonymous_4)
FNDA:0,(anonymous_5)
FNDA:0,(anonymous_6)
FNDA:0,(anonymous_7)
FNDA:0,(anonymous_8)
FNDA:0,(anonymous_9)
FNDA:0,(anonymous_10)
FNDA:0,(anonymous_11)
FNDA:0,(anonymous_12)
FNDA:0,(anonymous_13)
FNDA:0,(anonymous_14)
FNDA:0,(anonymous_15)
FNDA:0,(anonymous_16)
FNDA:0,(anonymous_17)
FNDA:0,(anonymous_18)
DA:48,0
DA:53,0
DA:54,0
DA:55,0
DA:56,0
DA:58,0
DA:63,0
DA:64,0
DA:72,0
DA:73,0
DA:74,0
DA:78,0
DA:79,0
DA:80,0
DA:82,0
DA:89,0
DA:91,0
DA:92,0
DA:93,0
DA:97,0
DA:98,0
DA:99,0
DA:107,0
DA:108,0
DA:109,0
DA:110,0
DA:114,0
DA:115,0
DA:116,0
DA:118,0
DA:124,0
DA:125,0
DA:126,0
DA:127,0
DA:132,0
LF:35
LH:0
BRDA:82,0,0,0
BRDA:82,0,1,0
BRDA:97,1,0,0
BRDA:97,1,1,0
BRDA:118,2,0,0
BRDA:118,2,1,0
BRF:6
BRH:0
end_of_record
TN:
SF:src\types\navigation.ts
FNF:0
FNH:0
LF:0
LH:0
BRF:0
BRH:0
end_of_record
TN:
SF:src\utils\time.ts
FN:9,formatDuration
FN:26,nowISO
FNF:2
FNH:0
FNDA:0,formatDuration
FNDA:0,nowISO
DA:10,0
DA:12,0
DA:13,0
DA:14,0
DA:15,0
DA:17,0
DA:18,0
DA:20,0
DA:27,0
LF:9
LH:0
BRDA:10,0,0,0
BRDA:10,0,1,0
BRDA:10,1,0,0
BRDA:10,1,1,0
BRDA:17,2,0,0
BRDA:17,2,1,0
BRF:6
BRH:0
end_of_record
TN:
SF:src\utils\uuid.ts
FN:12,generateUUID
FNF:1
FNH:0
FNDA:0,generateUUID
DA:13,0
LF:1
LH:0
BRF:0
BRH:0
end_of_record
TN:
SF:src\utils\validation.ts
FN:25,validateTagName
FN:44,validateButtonName
FN:64,sanitizeMetadata
FNF:3
FNH:0
FNDA:0,validateTagName
FNDA:0,validateButtonName
FNDA:0,sanitizeMetadata
DA:7,0
DA:10,0
DA:13,0
DA:26,0
DA:28,0
DA:29,0
DA:32,0
DA:33,0
DA:36,0
DA:45,0
DA:47,0
DA:48,0
DA:51,0
DA:52,0
DA:55,0
DA:65,0
DA:66,0
DA:69,0
DA:70,0
DA:71,0
DA:74,0
DA:75,0
DA:78,0
LF:23
LH:0
BRDA:28,0,0,0
BRDA:28,0,1,0
BRDA:32,1,0,0
BRDA:32,1,1,0
BRDA:47,2,0,0
BRDA:47,2,1,0
BRDA:51,3,0,0
BRDA:51,3,1,0
BRDA:65,4,0,0
BRDA:65,4,1,0
BRDA:65,5,0,0
BRDA:65,5,1,0
BRDA:70,6,0,0
BRDA:70,6,1,0
BRDA:74,7,0,0
BRDA:74,7,1,0
BRF:16
BRH:0
end_of_record
